{
  "C:\\spotta\\spotta\\apps\\mobile\\src\\features\\workout\\types.ts": {
    "path": "C:\\spotta\\spotta\\apps\\mobile\\src\\features\\workout\\types.ts",
    "statementMap": {},
    "fnMap": {},
    "branchMap": {},
    "s": {},
    "f": {},
    "b": {}
  },
  "C:\\spotta\\spotta\\apps\\mobile\\src\\features\\workout\\components\\ActiveSessionBanner.tsx": {
    "path": "C:\\spotta\\spotta\\apps\\mobile\\src\\features\\workout\\components\\ActiveSessionBanner.tsx",
    "statementMap": {
      "0": {
        "start": { "line": 12, "column": 35 },
        "end": { "line": 66, "column": 1 }
      },
      "1": {
        "start": { "line": 14, "column": 21 },
        "end": { "line": 19, "column": 33 }
      },
      "2": {
        "start": { "line": 15, "column": 22 },
        "end": { "line": 17, "column": 7 }
      },
      "3": {
        "start": { "line": 18, "column": 6 },
        "end": { "line": 18, "column": 21 }
      },
      "4": {
        "start": { "line": 21, "column": 24 },
        "end": { "line": 24, "column": 5 }
      },
      "5": {
        "start": { "line": 22, "column": 6 },
        "end": { "line": 22, "column": 74 }
      },
      "6": {
        "start": { "line": 23, "column": 6 },
        "end": { "line": 23, "column": 50 }
      },
      "7": {
        "start": { "line": 26, "column": 4 },
        "end": { "line": 64, "column": 6 }
      }
    },
    "fnMap": {
      "0": {
        "name": "(anonymous_0)",
        "decl": {
          "start": { "line": 13, "column": 2 },
          "end": { "line": 13, "column": 3 }
        },
        "loc": {
          "start": { "line": 13, "column": 25 },
          "end": { "line": 65, "column": 3 }
        },
        "line": 13
      },
      "1": {
        "name": "(anonymous_1)",
        "decl": {
          "start": { "line": 14, "column": 29 },
          "end": { "line": 14, "column": 30 }
        },
        "loc": {
          "start": { "line": 14, "column": 35 },
          "end": { "line": 19, "column": 5 }
        },
        "line": 14
      },
      "2": {
        "name": "(anonymous_2)",
        "decl": {
          "start": { "line": 21, "column": 24 },
          "end": { "line": 21, "column": 25 }
        },
        "loc": {
          "start": { "line": 21, "column": 30 },
          "end": { "line": 24, "column": 5 }
        },
        "line": 21
      }
    },
    "branchMap": {},
    "s": { "0": 0, "1": 0, "2": 0, "3": 0, "4": 0, "5": 0, "6": 0, "7": 0 },
    "f": { "0": 0, "1": 0, "2": 0 },
    "b": {}
  },
  "C:\\spotta\\spotta\\apps\\mobile\\src\\features\\workout\\components\\AddExerciseModal.tsx": {
    "path": "C:\\spotta\\spotta\\apps\\mobile\\src\\features\\workout\\components\\AddExerciseModal.tsx",
    "statementMap": {
      "0": {
        "start": { "line": 34, "column": 36 },
        "end": { "line": 34, "column": 60 }
      },
      "1": {
        "start": { "line": 35, "column": 52 },
        "end": { "line": 37, "column": 3 }
      },
      "2": {
        "start": { "line": 38, "column": 40 },
        "end": { "line": 38, "column": 52 }
      },
      "3": {
        "start": { "line": 39, "column": 50 },
        "end": { "line": 39, "column": 73 }
      },
      "4": {
        "start": { "line": 40, "column": 56 },
        "end": { "line": 40, "column": 79 }
      },
      "5": {
        "start": { "line": 41, "column": 52 },
        "end": { "line": 41, "column": 75 }
      },
      "6": {
        "start": { "line": 42, "column": 36 },
        "end": { "line": 42, "column": 50 }
      },
      "7": {
        "start": { "line": 43, "column": 28 },
        "end": { "line": 43, "column": 57 }
      },
      "8": {
        "start": { "line": 45, "column": 2 },
        "end": { "line": 49, "column": 15 }
      },
      "9": {
        "start": { "line": 46, "column": 4 },
        "end": { "line": 48, "column": 5 }
      },
      "10": {
        "start": { "line": 47, "column": 6 },
        "end": { "line": 47, "column": 22 }
      },
      "11": {
        "start": { "line": 51, "column": 24 },
        "end": { "line": 62, "column": 3 }
      },
      "12": {
        "start": { "line": 52, "column": 4 },
        "end": { "line": 61, "column": 5 }
      },
      "13": {
        "start": { "line": 53, "column": 6 },
        "end": { "line": 53, "column": 25 }
      },
      "14": {
        "start": { "line": 54, "column": 6 },
        "end": { "line": 54, "column": 21 }
      },
      "15": {
        "start": { "line": 55, "column": 27 },
        "end": { "line": 55, "column": 65 }
      },
      "16": {
        "start": { "line": 56, "column": 6 },
        "end": { "line": 56, "column": 33 }
      },
      "17": {
        "start": { "line": 58, "column": 6 },
        "end": { "line": 58, "column": 80 }
      },
      "18": {
        "start": { "line": 60, "column": 6 },
        "end": { "line": 60, "column": 26 }
      },
      "19": {
        "start": { "line": 64, "column": 22 },
        "end": { "line": 72, "column": 3 }
      },
      "20": {
        "start": { "line": 65, "column": 4 },
        "end": { "line": 65, "column": 36 }
      },
      "21": {
        "start": { "line": 66, "column": 4 },
        "end": { "line": 66, "column": 23 }
      },
      "22": {
        "start": { "line": 67, "column": 4 },
        "end": { "line": 67, "column": 31 }
      },
      "23": {
        "start": { "line": 68, "column": 4 },
        "end": { "line": 68, "column": 34 }
      },
      "24": {
        "start": { "line": 69, "column": 4 },
        "end": { "line": 69, "column": 32 }
      },
      "25": {
        "start": { "line": 70, "column": 4 },
        "end": { "line": 70, "column": 19 }
      },
      "26": {
        "start": { "line": 71, "column": 4 },
        "end": { "line": 71, "column": 14 }
      },
      "27": {
        "start": { "line": 74, "column": 23 },
        "end": { "line": 80, "column": 3 }
      },
      "28": {
        "start": { "line": 75, "column": 36 },
        "end": { "line": 77, "column": 5 }
      },
      "29": {
        "start": { "line": 76, "column": 6 },
        "end": { "line": 76, "column": 34 }
      },
      "30": {
        "start": { "line": 78, "column": 4 },
        "end": { "line": 78, "column": 38 }
      },
      "31": {
        "start": { "line": 79, "column": 4 },
        "end": { "line": 79, "column": 18 }
      },
      "32": {
        "start": { "line": 83, "column": 24 },
        "end": { "line": 93, "column": 17 }
      },
      "33": {
        "start": { "line": 84, "column": 23 },
        "end": { "line": 84, "column": 78 }
      },
      "34": {
        "start": { "line": 84, "column": 57 },
        "end": { "line": 84, "column": 68 }
      },
      "35": {
        "start": { "line": 85, "column": 25 },
        "end": { "line": 87, "column": 12 }
      },
      "36": {
        "start": { "line": 86, "column": 43 },
        "end": { "line": 86, "column": 60 }
      },
      "37": {
        "start": { "line": 88, "column": 22 },
        "end": { "line": 90, "column": 12 }
      },
      "38": {
        "start": { "line": 89, "column": 43 },
        "end": { "line": 89, "column": 55 }
      },
      "39": {
        "start": { "line": 92, "column": 4 },
        "end": { "line": 92, "column": 51 }
      },
      "40": {
        "start": { "line": 96, "column": 28 },
        "end": { "line": 147, "column": 4 }
      },
      "41": {
        "start": { "line": 97, "column": 19 },
        "end": { "line": 97, "column": 28 }
      },
      "42": {
        "start": { "line": 100, "column": 4 },
        "end": { "line": 102, "column": 5 }
      },
      "43": {
        "start": { "line": 101, "column": 6 },
        "end": { "line": 101, "column": 76 }
      },
      "44": {
        "start": { "line": 101, "column": 41 },
        "end": { "line": 101, "column": 74 }
      },
      "45": {
        "start": { "line": 105, "column": 4 },
        "end": { "line": 115, "column": 5 }
      },
      "46": {
        "start": { "line": 106, "column": 20 },
        "end": { "line": 106, "column": 45 }
      },
      "47": {
        "start": { "line": 107, "column": 6 },
        "end": { "line": 114, "column": 8 }
      },
      "48": {
        "start": { "line": 109, "column": 10 },
        "end": { "line": 113, "column": 75 }
      },
      "49": {
        "start": { "line": 111, "column": 12 },
        "end": { "line": 111, "column": 48 }
      },
      "50": {
        "start": { "line": 113, "column": 42 },
        "end": { "line": 113, "column": 74 }
      },
      "51": {
        "start": { "line": 118, "column": 4 },
        "end": { "line": 122, "column": 5 }
      },
      "52": {
        "start": { "line": 119, "column": 6 },
        "end": { "line": 121, "column": 8 }
      },
      "53": {
        "start": { "line": 120, "column": 22 },
        "end": { "line": 120, "column": 60 }
      },
      "54": {
        "start": { "line": 125, "column": 4 },
        "end": { "line": 129, "column": 5 }
      },
      "55": {
        "start": { "line": 126, "column": 6 },
        "end": { "line": 128, "column": 8 }
      },
      "56": {
        "start": { "line": 127, "column": 8 },
        "end": { "line": 127, "column": 61 }
      },
      "57": {
        "start": { "line": 132, "column": 4 },
        "end": { "line": 136, "column": 5 }
      },
      "58": {
        "start": { "line": 133, "column": 6 },
        "end": { "line": 135, "column": 8 }
      },
      "59": {
        "start": { "line": 134, "column": 8 },
        "end": { "line": 134, "column": 54 }
      },
      "60": {
        "start": { "line": 138, "column": 4 },
        "end": { "line": 138, "column": 20 }
      },
      "61": {
        "start": { "line": 149, "column": 34 },
        "end": { "line": 167, "column": 3 }
      },
      "62": {
        "start": { "line": 151, "column": 6 },
        "end": { "line": 164, "column": 9 }
      },
      "63": {
        "start": { "line": 152, "column": 23 },
        "end": { "line": 152, "column": 36 }
      },
      "64": {
        "start": { "line": 153, "column": 8 },
        "end": { "line": 162, "column": 9 }
      },
      "65": {
        "start": { "line": 154, "column": 10 },
        "end": { "line": 154, "column": 36 }
      },
      "66": {
        "start": { "line": 157, "column": 10 },
        "end": { "line": 161, "column": 11 }
      },
      "67": {
        "start": { "line": 158, "column": 12 },
        "end": { "line": 158, "column": 41 }
      },
      "68": {
        "start": { "line": 160, "column": 12 },
        "end": { "line": 160, "column": 35 }
      },
      "69": {
        "start": { "line": 163, "column": 8 },
        "end": { "line": 163, "column": 22 }
      },
      "70": {
        "start": { "line": 169, "column": 29 },
        "end": { "line": 213, "column": 3 }
      },
      "71": {
        "start": { "line": 170, "column": 23 },
        "end": { "line": 170, "column": 53 }
      },
      "72": {
        "start": { "line": 172, "column": 4 },
        "end": { "line": 212, "column": 6 }
      },
      "73": {
        "start": { "line": 180, "column": 23 },
        "end": { "line": 180, "column": 55 }
      },
      "74": {
        "start": { "line": 203, "column": 35 },
        "end": { "line": 203, "column": 67 }
      },
      "75": {
        "start": { "line": 215, "column": 2 },
        "end": { "line": 416, "column": 4 }
      },
      "76": {
        "start": { "line": 310, "column": 18 },
        "end": { "line": 310, "column": 45 }
      },
      "77": {
        "start": { "line": 311, "column": 18 },
        "end": { "line": 311, "column": 48 }
      },
      "78": {
        "start": { "line": 312, "column": 18 },
        "end": { "line": 312, "column": 46 }
      },
      "79": {
        "start": { "line": 346, "column": 37 },
        "end": { "line": 346, "column": 55 }
      },
      "80": {
        "start": { "line": 356, "column": 40 },
        "end": { "line": 356, "column": 47 }
      },
      "81": {
        "start": { "line": 358, "column": 49 },
        "end": { "line": 362, "column": 17 }
      },
      "82": {
        "start": { "line": 407, "column": 33 },
        "end": { "line": 407, "column": 47 }
      }
    },
    "fnMap": {
      "0": {
        "name": "AddExerciseModal",
        "decl": {
          "start": { "line": 27, "column": 16 },
          "end": { "line": 27, "column": 32 }
        },
        "loc": {
          "start": { "line": 33, "column": 26 },
          "end": { "line": 417, "column": 1 }
        },
        "line": 33
      },
      "1": {
        "name": "(anonymous_1)",
        "decl": {
          "start": { "line": 45, "column": 12 },
          "end": { "line": 45, "column": 13 }
        },
        "loc": {
          "start": { "line": 45, "column": 18 },
          "end": { "line": 49, "column": 3 }
        },
        "line": 45
      },
      "2": {
        "name": "(anonymous_2)",
        "decl": {
          "start": { "line": 51, "column": 24 },
          "end": { "line": 51, "column": 25 }
        },
        "loc": {
          "start": { "line": 51, "column": 36 },
          "end": { "line": 62, "column": 3 }
        },
        "line": 51
      },
      "3": {
        "name": "(anonymous_3)",
        "decl": {
          "start": { "line": 64, "column": 22 },
          "end": { "line": 64, "column": 23 }
        },
        "loc": {
          "start": { "line": 64, "column": 28 },
          "end": { "line": 72, "column": 3 }
        },
        "line": 64
      },
      "4": {
        "name": "(anonymous_4)",
        "decl": {
          "start": { "line": 74, "column": 23 },
          "end": { "line": 74, "column": 24 }
        },
        "loc": {
          "start": { "line": 74, "column": 29 },
          "end": { "line": 80, "column": 3 }
        },
        "line": 74
      },
      "5": {
        "name": "(anonymous_5)",
        "decl": {
          "start": { "line": 75, "column": 53 },
          "end": { "line": 75, "column": 54 }
        },
        "loc": {
          "start": { "line": 76, "column": 6 },
          "end": { "line": 76, "column": 34 }
        },
        "line": 76
      },
      "6": {
        "name": "(anonymous_6)",
        "decl": {
          "start": { "line": 83, "column": 32 },
          "end": { "line": 83, "column": 33 }
        },
        "loc": {
          "start": { "line": 83, "column": 38 },
          "end": { "line": 93, "column": 3 }
        },
        "line": 83
      },
      "7": {
        "name": "(anonymous_7)",
        "decl": {
          "start": { "line": 84, "column": 49 },
          "end": { "line": 84, "column": 50 }
        },
        "loc": {
          "start": { "line": 84, "column": 57 },
          "end": { "line": 84, "column": 68 }
        },
        "line": 84
      },
      "8": {
        "name": "(anonymous_8)",
        "decl": {
          "start": { "line": 86, "column": 35 },
          "end": { "line": 86, "column": 36 }
        },
        "loc": {
          "start": { "line": 86, "column": 43 },
          "end": { "line": 86, "column": 60 }
        },
        "line": 86
      },
      "9": {
        "name": "(anonymous_9)",
        "decl": {
          "start": { "line": 89, "column": 35 },
          "end": { "line": 89, "column": 36 }
        },
        "loc": {
          "start": { "line": 89, "column": 43 },
          "end": { "line": 89, "column": 55 }
        },
        "line": 89
      },
      "10": {
        "name": "(anonymous_10)",
        "decl": {
          "start": { "line": 96, "column": 36 },
          "end": { "line": 96, "column": 37 }
        },
        "loc": {
          "start": { "line": 96, "column": 42 },
          "end": { "line": 139, "column": 3 }
        },
        "line": 96
      },
      "11": {
        "name": "(anonymous_11)",
        "decl": {
          "start": { "line": 101, "column": 33 },
          "end": { "line": 101, "column": 34 }
        },
        "loc": {
          "start": { "line": 101, "column": 41 },
          "end": { "line": 101, "column": 74 }
        },
        "line": 101
      },
      "12": {
        "name": "(anonymous_12)",
        "decl": {
          "start": { "line": 108, "column": 8 },
          "end": { "line": 108, "column": 9 }
        },
        "loc": {
          "start": { "line": 109, "column": 10 },
          "end": { "line": 113, "column": 75 }
        },
        "line": 109
      },
      "13": {
        "name": "(anonymous_13)",
        "decl": {
          "start": { "line": 110, "column": 39 },
          "end": { "line": 110, "column": 40 }
        },
        "loc": {
          "start": { "line": 111, "column": 12 },
          "end": { "line": 111, "column": 48 }
        },
        "line": 111
      },
      "14": {
        "name": "(anonymous_14)",
        "decl": {
          "start": { "line": 113, "column": 34 },
          "end": { "line": 113, "column": 35 }
        },
        "loc": {
          "start": { "line": 113, "column": 42 },
          "end": { "line": 113, "column": 74 }
        },
        "line": 113
      },
      "15": {
        "name": "(anonymous_15)",
        "decl": {
          "start": { "line": 120, "column": 8 },
          "end": { "line": 120, "column": 9 }
        },
        "loc": {
          "start": { "line": 120, "column": 22 },
          "end": { "line": 120, "column": 60 }
        },
        "line": 120
      },
      "16": {
        "name": "(anonymous_16)",
        "decl": {
          "start": { "line": 126, "column": 33 },
          "end": { "line": 126, "column": 34 }
        },
        "loc": {
          "start": { "line": 127, "column": 8 },
          "end": { "line": 127, "column": 61 }
        },
        "line": 127
      },
      "17": {
        "name": "(anonymous_17)",
        "decl": {
          "start": { "line": 133, "column": 33 },
          "end": { "line": 133, "column": 34 }
        },
        "loc": {
          "start": { "line": 134, "column": 8 },
          "end": { "line": 134, "column": 54 }
        },
        "line": 134
      },
      "18": {
        "name": "(anonymous_18)",
        "decl": {
          "start": { "line": 150, "column": 4 },
          "end": { "line": 150, "column": 5 }
        },
        "loc": {
          "start": { "line": 150, "column": 32 },
          "end": { "line": 165, "column": 5 }
        },
        "line": 150
      },
      "19": {
        "name": "(anonymous_19)",
        "decl": {
          "start": { "line": 151, "column": 27 },
          "end": { "line": 151, "column": 28 }
        },
        "loc": {
          "start": { "line": 151, "column": 37 },
          "end": { "line": 164, "column": 7 }
        },
        "line": 151
      },
      "20": {
        "name": "(anonymous_20)",
        "decl": {
          "start": { "line": 169, "column": 29 },
          "end": { "line": 169, "column": 30 }
        },
        "loc": {
          "start": { "line": 169, "column": 63 },
          "end": { "line": 213, "column": 3 }
        },
        "line": 169
      },
      "21": {
        "name": "(anonymous_21)",
        "decl": {
          "start": { "line": 180, "column": 17 },
          "end": { "line": 180, "column": 18 }
        },
        "loc": {
          "start": { "line": 180, "column": 23 },
          "end": { "line": 180, "column": 55 }
        },
        "line": 180
      },
      "22": {
        "name": "(anonymous_22)",
        "decl": {
          "start": { "line": 203, "column": 29 },
          "end": { "line": 203, "column": 30 }
        },
        "loc": {
          "start": { "line": 203, "column": 35 },
          "end": { "line": 203, "column": 67 }
        },
        "line": 203
      },
      "23": {
        "name": "(anonymous_23)",
        "decl": {
          "start": { "line": 309, "column": 25 },
          "end": { "line": 309, "column": 26 }
        },
        "loc": {
          "start": { "line": 309, "column": 31 },
          "end": { "line": 313, "column": 17 }
        },
        "line": 309
      },
      "24": {
        "name": "(anonymous_24)",
        "decl": {
          "start": { "line": 346, "column": 31 },
          "end": { "line": 346, "column": 32 }
        },
        "loc": {
          "start": { "line": 346, "column": 37 },
          "end": { "line": 346, "column": 55 }
        },
        "line": 346
      },
      "25": {
        "name": "(anonymous_25)",
        "decl": {
          "start": { "line": 356, "column": 30 },
          "end": { "line": 356, "column": 31 }
        },
        "loc": {
          "start": { "line": 356, "column": 40 },
          "end": { "line": 356, "column": 47 }
        },
        "line": 356
      },
      "26": {
        "name": "(anonymous_26)",
        "decl": {
          "start": { "line": 358, "column": 31 },
          "end": { "line": 358, "column": 32 }
        },
        "loc": {
          "start": { "line": 358, "column": 49 },
          "end": { "line": 362, "column": 17 }
        },
        "line": 358
      },
      "27": {
        "name": "(anonymous_27)",
        "decl": {
          "start": { "line": 407, "column": 27 },
          "end": { "line": 407, "column": 28 }
        },
        "loc": {
          "start": { "line": 407, "column": 33 },
          "end": { "line": 407, "column": 47 }
        },
        "line": 407
      }
    },
    "branchMap": {
      "0": {
        "loc": {
          "start": { "line": 31, "column": 2 },
          "end": { "line": 31, "column": 23 }
        },
        "type": "default-arg",
        "locations": [
          {
            "start": { "line": 31, "column": 21 },
            "end": { "line": 31, "column": 23 }
          }
        ],
        "line": 31
      },
      "1": {
        "loc": {
          "start": { "line": 32, "column": 2 },
          "end": { "line": 32, "column": 14 }
        },
        "type": "default-arg",
        "locations": [
          {
            "start": { "line": 32, "column": 9 },
            "end": { "line": 32, "column": 14 }
          }
        ],
        "line": 32
      },
      "2": {
        "loc": {
          "start": { "line": 46, "column": 4 },
          "end": { "line": 48, "column": 5 }
        },
        "type": "if",
        "locations": [
          {
            "start": { "line": 46, "column": 4 },
            "end": { "line": 48, "column": 5 }
          },
          { "start": {}, "end": {} }
        ],
        "line": 46
      },
      "3": {
        "loc": {
          "start": { "line": 58, "column": 15 },
          "end": { "line": 58, "column": 78 }
        },
        "type": "cond-expr",
        "locations": [
          {
            "start": { "line": 58, "column": 38 },
            "end": { "line": 58, "column": 49 }
          },
          {
            "start": { "line": 58, "column": 52 },
            "end": { "line": 58, "column": 78 }
          }
        ],
        "line": 58
      },
      "4": {
        "loc": {
          "start": { "line": 100, "column": 4 },
          "end": { "line": 102, "column": 5 }
        },
        "type": "if",
        "locations": [
          {
            "start": { "line": 100, "column": 4 },
            "end": { "line": 102, "column": 5 }
          },
          { "start": {}, "end": {} }
        ],
        "line": 100
      },
      "5": {
        "loc": {
          "start": { "line": 105, "column": 4 },
          "end": { "line": 115, "column": 5 }
        },
        "type": "if",
        "locations": [
          {
            "start": { "line": 105, "column": 4 },
            "end": { "line": 115, "column": 5 }
          },
          { "start": {}, "end": {} }
        ],
        "line": 105
      },
      "6": {
        "loc": {
          "start": { "line": 109, "column": 10 },
          "end": { "line": 113, "column": 75 }
        },
        "type": "binary-expr",
        "locations": [
          {
            "start": { "line": 109, "column": 10 },
            "end": { "line": 109, "column": 53 }
          },
          {
            "start": { "line": 110, "column": 10 },
            "end": { "line": 112, "column": 11 }
          },
          {
            "start": { "line": 113, "column": 10 },
            "end": { "line": 113, "column": 75 }
          }
        ],
        "line": 109
      },
      "7": {
        "loc": {
          "start": { "line": 118, "column": 4 },
          "end": { "line": 122, "column": 5 }
        },
        "type": "if",
        "locations": [
          {
            "start": { "line": 118, "column": 4 },
            "end": { "line": 122, "column": 5 }
          },
          { "start": {}, "end": {} }
        ],
        "line": 118
      },
      "8": {
        "loc": {
          "start": { "line": 125, "column": 4 },
          "end": { "line": 129, "column": 5 }
        },
        "type": "if",
        "locations": [
          {
            "start": { "line": 125, "column": 4 },
            "end": { "line": 129, "column": 5 }
          },
          { "start": {}, "end": {} }
        ],
        "line": 125
      },
      "9": {
        "loc": {
          "start": { "line": 132, "column": 4 },
          "end": { "line": 136, "column": 5 }
        },
        "type": "if",
        "locations": [
          {
            "start": { "line": 132, "column": 4 },
            "end": { "line": 136, "column": 5 }
          },
          { "start": {}, "end": {} }
        ],
        "line": 132
      },
      "10": {
        "loc": {
          "start": { "line": 153, "column": 8 },
          "end": { "line": 162, "column": 9 }
        },
        "type": "if",
        "locations": [
          {
            "start": { "line": 153, "column": 8 },
            "end": { "line": 162, "column": 9 }
          },
          {
            "start": { "line": 155, "column": 15 },
            "end": { "line": 162, "column": 9 }
          }
        ],
        "line": 153
      },
      "11": {
        "loc": {
          "start": { "line": 157, "column": 10 },
          "end": { "line": 161, "column": 11 }
        },
        "type": "if",
        "locations": [
          {
            "start": { "line": 157, "column": 10 },
            "end": { "line": 161, "column": 11 }
          },
          {
            "start": { "line": 159, "column": 17 },
            "end": { "line": 161, "column": 11 }
          }
        ],
        "line": 157
      },
      "12": {
        "loc": {
          "start": { "line": 175, "column": 25 },
          "end": { "line": 175, "column": 57 }
        },
        "type": "cond-expr",
        "locations": [
          {
            "start": { "line": 175, "column": 38 },
            "end": { "line": 175, "column": 46 }
          },
          {
            "start": { "line": 175, "column": 49 },
            "end": { "line": 175, "column": 57 }
          }
        ],
        "line": 175
      },
      "13": {
        "loc": {
          "start": { "line": 176, "column": 21 },
          "end": { "line": 176, "column": 53 }
        },
        "type": "cond-expr",
        "locations": [
          {
            "start": { "line": 176, "column": 34 },
            "end": { "line": 176, "column": 42 }
          },
          {
            "start": { "line": 176, "column": 45 },
            "end": { "line": 176, "column": 53 }
          }
        ],
        "line": 176
      },
      "14": {
        "loc": {
          "start": { "line": 181, "column": 45 },
          "end": { "line": 181, "column": 85 }
        },
        "type": "cond-expr",
        "locations": [
          {
            "start": { "line": 181, "column": 58 },
            "end": { "line": 181, "column": 68 }
          },
          {
            "start": { "line": 181, "column": 71 },
            "end": { "line": 181, "column": 85 }
          }
        ],
        "line": 181
      },
      "15": {
        "loc": {
          "start": { "line": 205, "column": 29 },
          "end": { "line": 205, "column": 66 }
        },
        "type": "cond-expr",
        "locations": [
          {
            "start": { "line": 205, "column": 42 },
            "end": { "line": 205, "column": 50 }
          },
          {
            "start": { "line": 205, "column": 53 },
            "end": { "line": 205, "column": 66 }
          }
        ],
        "line": 205
      },
      "16": {
        "loc": {
          "start": { "line": 206, "column": 25 },
          "end": { "line": 206, "column": 57 }
        },
        "type": "cond-expr",
        "locations": [
          {
            "start": { "line": 206, "column": 38 },
            "end": { "line": 206, "column": 46 }
          },
          {
            "start": { "line": 206, "column": 49 },
            "end": { "line": 206, "column": 57 }
          }
        ],
        "line": 206
      },
      "17": {
        "loc": {
          "start": { "line": 243, "column": 15 },
          "end": { "line": 243, "column": 72 }
        },
        "type": "cond-expr",
        "locations": [
          {
            "start": { "line": 243, "column": 36 },
            "end": { "line": 243, "column": 54 }
          },
          {
            "start": { "line": 243, "column": 57 },
            "end": { "line": 243, "column": 72 }
          }
        ],
        "line": 243
      },
      "18": {
        "loc": {
          "start": { "line": 303, "column": 13 },
          "end": { "line": 317, "column": 13 }
        },
        "type": "binary-expr",
        "locations": [
          {
            "start": { "line": 303, "column": 14 },
            "end": { "line": 303, "column": 40 }
          },
          {
            "start": { "line": 304, "column": 14 },
            "end": { "line": 304, "column": 43 }
          },
          {
            "start": { "line": 305, "column": 14 },
            "end": { "line": 305, "column": 41 }
          },
          {
            "start": { "line": 306, "column": 14 },
            "end": { "line": 316, "column": 23 }
          }
        ],
        "line": 303
      },
      "19": {
        "loc": {
          "start": { "line": 321, "column": 11 },
          "end": { "line": 332, "column": 11 }
        },
        "type": "binary-expr",
        "locations": [
          {
            "start": { "line": 321, "column": 11 },
            "end": { "line": 321, "column": 20 }
          },
          {
            "start": { "line": 322, "column": 12 },
            "end": { "line": 331, "column": 21 }
          }
        ],
        "line": 321
      },
      "20": {
        "loc": {
          "start": { "line": 335, "column": 11 },
          "end": { "line": 348, "column": 11 }
        },
        "type": "binary-expr",
        "locations": [
          {
            "start": { "line": 335, "column": 11 },
            "end": { "line": 335, "column": 21 }
          },
          {
            "start": { "line": 335, "column": 25 },
            "end": { "line": 335, "column": 55 }
          },
          {
            "start": { "line": 335, "column": 59 },
            "end": { "line": 335, "column": 70 }
          },
          {
            "start": { "line": 336, "column": 12 },
            "end": { "line": 347, "column": 21 }
          }
        ],
        "line": 335
      },
      "21": {
        "loc": {
          "start": { "line": 351, "column": 11 },
          "end": { "line": 365, "column": 11 }
        },
        "type": "binary-expr",
        "locations": [
          {
            "start": { "line": 351, "column": 11 },
            "end": { "line": 351, "column": 21 }
          },
          {
            "start": { "line": 351, "column": 25 },
            "end": { "line": 351, "column": 53 }
          },
          {
            "start": { "line": 352, "column": 12 },
            "end": { "line": 364, "column": 21 }
          }
        ],
        "line": 351
      },
      "22": {
        "loc": {
          "start": { "line": 368, "column": 11 },
          "end": { "line": 389, "column": 11 }
        },
        "type": "binary-expr",
        "locations": [
          {
            "start": { "line": 368, "column": 11 },
            "end": { "line": 368, "column": 37 }
          },
          {
            "start": { "line": 369, "column": 12 },
            "end": { "line": 388, "column": 21 }
          }
        ],
        "line": 368
      },
      "23": {
        "loc": {
          "start": { "line": 382, "column": 17 },
          "end": { "line": 386, "column": 102 }
        },
        "type": "cond-expr",
        "locations": [
          {
            "start": { "line": 383, "column": 20 },
            "end": { "line": 385, "column": 52 }
          },
          {
            "start": { "line": 386, "column": 20 },
            "end": { "line": 386, "column": 102 }
          }
        ],
        "line": 382
      },
      "24": {
        "loc": {
          "start": { "line": 383, "column": 20 },
          "end": { "line": 385, "column": 52 }
        },
        "type": "cond-expr",
        "locations": [
          {
            "start": { "line": 384, "column": 22 },
            "end": { "line": 384, "column": 40 }
          },
          {
            "start": { "line": 385, "column": 22 },
            "end": { "line": 385, "column": 52 }
          }
        ],
        "line": 383
      },
      "25": {
        "loc": {
          "start": { "line": 386, "column": 61 },
          "end": { "line": 386, "column": 100 }
        },
        "type": "cond-expr",
        "locations": [
          {
            "start": { "line": 386, "column": 92 },
            "end": { "line": 386, "column": 94 }
          },
          {
            "start": { "line": 386, "column": 97 },
            "end": { "line": 386, "column": 100 }
          }
        ],
        "line": 386
      },
      "26": {
        "loc": {
          "start": { "line": 392, "column": 11 },
          "end": { "line": 412, "column": 11 }
        },
        "type": "binary-expr",
        "locations": [
          {
            "start": { "line": 392, "column": 11 },
            "end": { "line": 392, "column": 16 }
          },
          {
            "start": { "line": 393, "column": 12 },
            "end": { "line": 411, "column": 19 }
          }
        ],
        "line": 392
      }
    },
    "s": {
      "0": 0,
      "1": 0,
      "2": 0,
      "3": 0,
      "4": 0,
      "5": 0,
      "6": 0,
      "7": 0,
      "8": 0,
      "9": 0,
      "10": 0,
      "11": 0,
      "12": 0,
      "13": 0,
      "14": 0,
      "15": 0,
      "16": 0,
      "17": 0,
      "18": 0,
      "19": 0,
      "20": 0,
      "21": 0,
      "22": 0,
      "23": 0,
      "24": 0,
      "25": 0,
      "26": 0,
      "27": 0,
      "28": 0,
      "29": 0,
      "30": 0,
      "31": 0,
      "32": 0,
      "33": 0,
      "34": 0,
      "35": 0,
      "36": 0,
      "37": 0,
      "38": 0,
      "39": 0,
      "40": 0,
      "41": 0,
      "42": 0,
      "43": 0,
      "44": 0,
      "45": 0,
      "46": 0,
      "47": 0,
      "48": 0,
      "49": 0,
      "50": 0,
      "51": 0,
      "52": 0,
      "53": 0,
      "54": 0,
      "55": 0,
      "56": 0,
      "57": 0,
      "58": 0,
      "59": 0,
      "60": 0,
      "61": 0,
      "62": 0,
      "63": 0,
      "64": 0,
      "65": 0,
      "66": 0,
      "67": 0,
      "68": 0,
      "69": 0,
      "70": 0,
      "71": 0,
      "72": 0,
      "73": 0,
      "74": 0,
      "75": 0,
      "76": 0,
      "77": 0,
      "78": 0,
      "79": 0,
      "80": 0,
      "81": 0,
      "82": 0
    },
    "f": {
      "0": 0,
      "1": 0,
      "2": 0,
      "3": 0,
      "4": 0,
      "5": 0,
      "6": 0,
      "7": 0,
      "8": 0,
      "9": 0,
      "10": 0,
      "11": 0,
      "12": 0,
      "13": 0,
      "14": 0,
      "15": 0,
      "16": 0,
      "17": 0,
      "18": 0,
      "19": 0,
      "20": 0,
      "21": 0,
      "22": 0,
      "23": 0,
      "24": 0,
      "25": 0,
      "26": 0,
      "27": 0
    },
    "b": {
      "0": [0],
      "1": [0],
      "2": [0, 0],
      "3": [0, 0],
      "4": [0, 0],
      "5": [0, 0],
      "6": [0, 0, 0],
      "7": [0, 0],
      "8": [0, 0],
      "9": [0, 0],
      "10": [0, 0],
      "11": [0, 0],
      "12": [0, 0],
      "13": [0, 0],
      "14": [0, 0],
      "15": [0, 0],
      "16": [0, 0],
      "17": [0, 0],
      "18": [0, 0, 0, 0],
      "19": [0, 0],
      "20": [0, 0, 0, 0],
      "21": [0, 0, 0],
      "22": [0, 0],
      "23": [0, 0],
      "24": [0, 0],
      "25": [0, 0],
      "26": [0, 0]
    }
  },
  "C:\\spotta\\spotta\\apps\\mobile\\src\\features\\workout\\components\\BrowseExercisesTile.tsx": {
    "path": "C:\\spotta\\spotta\\apps\\mobile\\src\\features\\workout\\components\\BrowseExercisesTile.tsx",
    "statementMap": {
      "0": {
        "start": { "line": 9, "column": 35 },
        "end": { "line": 36, "column": 1 }
      },
      "1": {
        "start": { "line": 11, "column": 4 },
        "end": { "line": 34, "column": 6 }
      }
    },
    "fnMap": {
      "0": {
        "name": "(anonymous_0)",
        "decl": {
          "start": { "line": 10, "column": 2 },
          "end": { "line": 10, "column": 3 }
        },
        "loc": {
          "start": { "line": 10, "column": 19 },
          "end": { "line": 35, "column": 3 }
        },
        "line": 10
      }
    },
    "branchMap": {},
    "s": { "0": 0, "1": 0 },
    "f": { "0": 0 },
    "b": {}
  },
  "C:\\spotta\\spotta\\apps\\mobile\\src\\features\\workout\\components\\BrowseTemplatesTile.tsx": {
    "path": "C:\\spotta\\spotta\\apps\\mobile\\src\\features\\workout\\components\\BrowseTemplatesTile.tsx",
    "statementMap": {
      "0": {
        "start": { "line": 9, "column": 35 },
        "end": { "line": 36, "column": 1 }
      },
      "1": {
        "start": { "line": 11, "column": 4 },
        "end": { "line": 34, "column": 6 }
      }
    },
    "fnMap": {
      "0": {
        "name": "(anonymous_0)",
        "decl": {
          "start": { "line": 10, "column": 2 },
          "end": { "line": 10, "column": 3 }
        },
        "loc": {
          "start": { "line": 10, "column": 19 },
          "end": { "line": 35, "column": 3 }
        },
        "line": 10
      }
    },
    "branchMap": {},
    "s": { "0": 0, "1": 0 },
    "f": { "0": 0 },
    "b": {}
  },
  "C:\\spotta\\spotta\\apps\\mobile\\src\\features\\workout\\components\\CollapsibleExerciseCard.tsx": {
    "path": "C:\\spotta\\spotta\\apps\\mobile\\src\\features\\workout\\components\\CollapsibleExerciseCard.tsx",
    "statementMap": {
      "0": {
        "start": { "line": 39, "column": 39 },
        "end": { "line": 499, "column": 1 }
      },
      "1": {
        "start": { "line": 55, "column": 46 },
        "end": { "line": 55, "column": 61 }
      },
      "2": {
        "start": { "line": 56, "column": 44 },
        "end": { "line": 58, "column": 9 }
      },
      "3": {
        "start": { "line": 59, "column": 42 },
        "end": { "line": 61, "column": 9 }
      },
      "4": {
        "start": { "line": 64, "column": 4 },
        "end": { "line": 95, "column": 49 }
      },
      "5": {
        "start": { "line": 65, "column": 32 },
        "end": { "line": 90, "column": 7 }
      },
      "6": {
        "start": { "line": 66, "column": 72 },
        "end": { "line": 66, "column": 74 }
      },
      "7": {
        "start": { "line": 67, "column": 77 },
        "end": { "line": 67, "column": 79 }
      },
      "8": {
        "start": { "line": 69, "column": 8 },
        "end": { "line": 86, "column": 9 }
      },
      "9": {
        "start": { "line": 70, "column": 10 },
        "end": { "line": 85, "column": 11 }
      },
      "10": {
        "start": { "line": 71, "column": 43 },
        "end": { "line": 77, "column": 14 }
      },
      "11": {
        "start": { "line": 79, "column": 12 },
        "end": { "line": 79, "column": 54 }
      },
      "12": {
        "start": { "line": 80, "column": 12 },
        "end": { "line": 80, "column": 55 }
      },
      "13": {
        "start": { "line": 82, "column": 12 },
        "end": { "line": 82, "column": 73 }
      },
      "14": {
        "start": { "line": 83, "column": 12 },
        "end": { "line": 83, "column": 50 }
      },
      "15": {
        "start": { "line": 84, "column": 12 },
        "end": { "line": 84, "column": 49 }
      },
      "16": {
        "start": { "line": 88, "column": 8 },
        "end": { "line": 88, "column": 41 }
      },
      "17": {
        "start": { "line": 89, "column": 8 },
        "end": { "line": 89, "column": 39 }
      },
      "18": {
        "start": { "line": 92, "column": 6 },
        "end": { "line": 94, "column": 7 }
      },
      "19": {
        "start": { "line": 93, "column": 8 },
        "end": { "line": 93, "column": 28 }
      },
      "20": {
        "start": { "line": 97, "column": 26 },
        "end": { "line": 108, "column": 5 }
      },
      "21": {
        "start": { "line": 98, "column": 13 },
        "end": { "line": 106, "column": 7 }
      },
      "22": {
        "start": { "line": 100, "column": 51 },
        "end": { "line": 100, "column": 62 }
      },
      "23": {
        "start": { "line": 103, "column": 12 },
        "end": { "line": 103, "column": 75 }
      },
      "24": {
        "start": { "line": 110, "column": 30 },
        "end": { "line": 120, "column": 5 }
      },
      "25": {
        "start": { "line": 112, "column": 29 },
        "end": { "line": 116, "column": 9 }
      },
      "26": {
        "start": { "line": 117, "column": 8 },
        "end": { "line": 117, "column": 36 }
      },
      "27": {
        "start": { "line": 122, "column": 31 },
        "end": { "line": 127, "column": 5 }
      },
      "28": {
        "start": { "line": 124, "column": 8 },
        "end": { "line": 124, "column": 53 }
      },
      "29": {
        "start": { "line": 129, "column": 29 },
        "end": { "line": 134, "column": 5 }
      },
      "30": {
        "start": { "line": 131, "column": 8 },
        "end": { "line": 131, "column": 51 }
      },
      "31": {
        "start": { "line": 137, "column": 34 },
        "end": { "line": 137, "column": 43 }
      },
      "32": {
        "start": { "line": 139, "column": 28 },
        "end": { "line": 145, "column": 5 }
      },
      "33": {
        "start": { "line": 140, "column": 6 },
        "end": { "line": 140, "column": 26 }
      },
      "34": {
        "start": { "line": 141, "column": 6 },
        "end": { "line": 141, "column": 73 }
      },
      "35": {
        "start": { "line": 142, "column": 23 },
        "end": { "line": 142, "column": 37 }
      },
      "36": {
        "start": { "line": 143, "column": 6 },
        "end": { "line": 143, "column": 33 }
      },
      "37": {
        "start": { "line": 144, "column": 6 },
        "end": { "line": 144, "column": 49 }
      },
      "38": {
        "start": { "line": 148, "column": 4 },
        "end": { "line": 153, "column": 71 }
      },
      "39": {
        "start": { "line": 149, "column": 6 },
        "end": { "line": 152, "column": 7 }
      },
      "40": {
        "start": { "line": 150, "column": 8 },
        "end": { "line": 150, "column": 32 }
      },
      "41": {
        "start": { "line": 151, "column": 8 },
        "end": { "line": 151, "column": 48 }
      },
      "42": {
        "start": { "line": 155, "column": 28 },
        "end": { "line": 161, "column": 5 }
      },
      "43": {
        "start": { "line": 156, "column": 6 },
        "end": { "line": 160, "column": 7 }
      },
      "44": {
        "start": { "line": 157, "column": 8 },
        "end": { "line": 157, "column": 32 }
      },
      "45": {
        "start": { "line": 159, "column": 8 },
        "end": { "line": 159, "column": 27 }
      },
      "46": {
        "start": { "line": 163, "column": 4 },
        "end": { "line": 497, "column": 6 }
      },
      "47": {
        "start": { "line": 273, "column": 16 },
        "end": { "line": 273, "column": 61 }
      },
      "48": {
        "start": { "line": 274, "column": 41 },
        "end": { "line": 276, "column": 37 }
      },
      "49": {
        "start": { "line": 278, "column": 31 },
        "end": { "line": 278, "column": 58 }
      },
      "50": {
        "start": { "line": 279, "column": 33 },
        "end": { "line": 279, "column": 59 }
      },
      "51": {
        "start": { "line": 281, "column": 14 },
        "end": { "line": 402, "column": 16 }
      },
      "52": {
        "start": { "line": 336, "column": 26 },
        "end": { "line": 336, "column": 60 }
      },
      "53": {
        "start": { "line": 338, "column": 48 },
        "end": { "line": 338, "column": 78 }
      },
      "54": {
        "start": { "line": 354, "column": 26 },
        "end": { "line": 377, "column": 27 }
      },
      "55": {
        "start": { "line": 356, "column": 28 },
        "end": { "line": 359, "column": 31 }
      },
      "56": {
        "start": { "line": 363, "column": 30 },
        "end": { "line": 363, "column": 67 }
      },
      "57": {
        "start": { "line": 364, "column": 46 },
        "end": { "line": 364, "column": 79 }
      },
      "58": {
        "start": { "line": 367, "column": 53 },
        "end": { "line": 373, "column": 29 }
      },
      "59": {
        "start": { "line": 376, "column": 28 },
        "end": { "line": 376, "column": 64 }
      },
      "60": {
        "start": { "line": 450, "column": 18 },
        "end": { "line": 450, "column": 42 }
      },
      "61": {
        "start": { "line": 451, "column": 18 },
        "end": { "line": 451, "column": 51 }
      },
      "62": {
        "start": { "line": 465, "column": 18 },
        "end": { "line": 465, "column": 42 }
      },
      "63": {
        "start": { "line": 466, "column": 18 },
        "end": { "line": 466, "column": 41 }
      },
      "64": {
        "start": { "line": 480, "column": 18 },
        "end": { "line": 480, "column": 42 }
      },
      "65": {
        "start": { "line": 481, "column": 18 },
        "end": { "line": 481, "column": 50 }
      },
      "66": {
        "start": { "line": 501, "column": 0 },
        "end": { "line": 501, "column": 64 }
      }
    },
    "fnMap": {
      "0": {
        "name": "(anonymous_0)",
        "decl": {
          "start": { "line": 40, "column": 2 },
          "end": { "line": 40, "column": 3 }
        },
        "loc": {
          "start": { "line": 54, "column": 38 },
          "end": { "line": 498, "column": 3 }
        },
        "line": 54
      },
      "1": {
        "name": "(anonymous_1)",
        "decl": {
          "start": { "line": 64, "column": 14 },
          "end": { "line": 64, "column": 15 }
        },
        "loc": {
          "start": { "line": 64, "column": 20 },
          "end": { "line": 95, "column": 5 }
        },
        "line": 64
      },
      "2": {
        "name": "(anonymous_2)",
        "decl": {
          "start": { "line": 65, "column": 32 },
          "end": { "line": 65, "column": 33 }
        },
        "loc": {
          "start": { "line": 65, "column": 44 },
          "end": { "line": 90, "column": 7 }
        },
        "line": 65
      },
      "3": {
        "name": "(anonymous_3)",
        "decl": {
          "start": { "line": 98, "column": 6 },
          "end": { "line": 98, "column": 7 }
        },
        "loc": {
          "start": { "line": 98, "column": 13 },
          "end": { "line": 106, "column": 7 }
        },
        "line": 98
      },
      "4": {
        "name": "(anonymous_4)",
        "decl": {
          "start": { "line": 100, "column": 44 },
          "end": { "line": 100, "column": 45 }
        },
        "loc": {
          "start": { "line": 100, "column": 51 },
          "end": { "line": 100, "column": 62 }
        },
        "line": 100
      },
      "5": {
        "name": "(anonymous_5)",
        "decl": {
          "start": { "line": 102, "column": 10 },
          "end": { "line": 102, "column": 11 }
        },
        "loc": {
          "start": { "line": 103, "column": 12 },
          "end": { "line": 103, "column": 75 }
        },
        "line": 103
      },
      "6": {
        "name": "(anonymous_6)",
        "decl": {
          "start": { "line": 111, "column": 6 },
          "end": { "line": 111, "column": 7 }
        },
        "loc": {
          "start": { "line": 111, "column": 24 },
          "end": { "line": 118, "column": 7 }
        },
        "line": 111
      },
      "7": {
        "name": "(anonymous_7)",
        "decl": {
          "start": { "line": 123, "column": 6 },
          "end": { "line": 123, "column": 7 }
        },
        "loc": {
          "start": { "line": 123, "column": 41 },
          "end": { "line": 125, "column": 7 }
        },
        "line": 123
      },
      "8": {
        "name": "(anonymous_8)",
        "decl": {
          "start": { "line": 130, "column": 6 },
          "end": { "line": 130, "column": 7 }
        },
        "loc": {
          "start": { "line": 130, "column": 39 },
          "end": { "line": 132, "column": 7 }
        },
        "line": 130
      },
      "9": {
        "name": "(anonymous_9)",
        "decl": {
          "start": { "line": 139, "column": 28 },
          "end": { "line": 139, "column": 29 }
        },
        "loc": {
          "start": { "line": 139, "column": 58 },
          "end": { "line": 145, "column": 5 }
        },
        "line": 139
      },
      "10": {
        "name": "(anonymous_10)",
        "decl": {
          "start": { "line": 148, "column": 14 },
          "end": { "line": 148, "column": 15 }
        },
        "loc": {
          "start": { "line": 148, "column": 20 },
          "end": { "line": 153, "column": 5 }
        },
        "line": 148
      },
      "11": {
        "name": "(anonymous_11)",
        "decl": {
          "start": { "line": 155, "column": 28 },
          "end": { "line": 155, "column": 29 }
        },
        "loc": {
          "start": { "line": 155, "column": 34 },
          "end": { "line": 161, "column": 5 }
        },
        "line": 155
      },
      "12": {
        "name": "(anonymous_12)",
        "decl": {
          "start": { "line": 270, "column": 31 },
          "end": { "line": 270, "column": 32 }
        },
        "loc": {
          "start": { "line": 270, "column": 50 },
          "end": { "line": 403, "column": 13 }
        },
        "line": 270
      },
      "13": {
        "name": "(anonymous_13)",
        "decl": {
          "start": { "line": 335, "column": 40 },
          "end": { "line": 335, "column": 41 }
        },
        "loc": {
          "start": { "line": 336, "column": 26 },
          "end": { "line": 336, "column": 60 }
        },
        "line": 336
      },
      "14": {
        "name": "(anonymous_14)",
        "decl": {
          "start": { "line": 338, "column": 38 },
          "end": { "line": 338, "column": 39 }
        },
        "loc": {
          "start": { "line": 338, "column": 48 },
          "end": { "line": 338, "column": 78 }
        },
        "line": 338
      },
      "15": {
        "name": "(anonymous_15)",
        "decl": {
          "start": { "line": 353, "column": 33 },
          "end": { "line": 353, "column": 34 }
        },
        "loc": {
          "start": { "line": 353, "column": 39 },
          "end": { "line": 378, "column": 25 }
        },
        "line": 353
      },
      "16": {
        "name": "(anonymous_16)",
        "decl": {
          "start": { "line": 449, "column": 25 },
          "end": { "line": 449, "column": 26 }
        },
        "loc": {
          "start": { "line": 449, "column": 31 },
          "end": { "line": 452, "column": 17 }
        },
        "line": 449
      },
      "17": {
        "name": "(anonymous_17)",
        "decl": {
          "start": { "line": 464, "column": 25 },
          "end": { "line": 464, "column": 26 }
        },
        "loc": {
          "start": { "line": 464, "column": 31 },
          "end": { "line": 467, "column": 17 }
        },
        "line": 464
      },
      "18": {
        "name": "(anonymous_18)",
        "decl": {
          "start": { "line": 479, "column": 25 },
          "end": { "line": 479, "column": 26 }
        },
        "loc": {
          "start": { "line": 479, "column": 31 },
          "end": { "line": 482, "column": 17 }
        },
        "line": 479
      }
    },
    "branchMap": {
      "0": {
        "loc": {
          "start": { "line": 92, "column": 6 },
          "end": { "line": 94, "column": 7 }
        },
        "type": "if",
        "locations": [
          {
            "start": { "line": 92, "column": 6 },
            "end": { "line": 94, "column": 7 }
          },
          { "start": {}, "end": {} }
        ],
        "line": 92
      },
      "1": {
        "loc": {
          "start": { "line": 103, "column": 12 },
          "end": { "line": 103, "column": 75 }
        },
        "type": "cond-expr",
        "locations": [
          {
            "start": { "line": 103, "column": 28 },
            "end": { "line": 103, "column": 69 }
          },
          {
            "start": { "line": 103, "column": 72 },
            "end": { "line": 103, "column": 75 }
          }
        ],
        "line": 103
      },
      "2": {
        "loc": {
          "start": { "line": 103, "column": 35 },
          "end": { "line": 103, "column": 50 }
        },
        "type": "binary-expr",
        "locations": [
          {
            "start": { "line": 103, "column": 35 },
            "end": { "line": 103, "column": 45 }
          },
          {
            "start": { "line": 103, "column": 49 },
            "end": { "line": 103, "column": 50 }
          }
        ],
        "line": 103
      },
      "3": {
        "loc": {
          "start": { "line": 103, "column": 55 },
          "end": { "line": 103, "column": 68 }
        },
        "type": "binary-expr",
        "locations": [
          {
            "start": { "line": 103, "column": 55 },
            "end": { "line": 103, "column": 63 }
          },
          {
            "start": { "line": 103, "column": 67 },
            "end": { "line": 103, "column": 68 }
          }
        ],
        "line": 103
      },
      "4": {
        "loc": {
          "start": { "line": 149, "column": 6 },
          "end": { "line": 152, "column": 7 }
        },
        "type": "if",
        "locations": [
          {
            "start": { "line": 149, "column": 6 },
            "end": { "line": 152, "column": 7 }
          },
          { "start": {}, "end": {} }
        ],
        "line": 149
      },
      "5": {
        "loc": {
          "start": { "line": 149, "column": 10 },
          "end": { "line": 149, "column": 40 }
        },
        "type": "binary-expr",
        "locations": [
          {
            "start": { "line": 149, "column": 10 },
            "end": { "line": 149, "column": 23 }
          },
          {
            "start": { "line": 149, "column": 27 },
            "end": { "line": 149, "column": 40 }
          }
        ],
        "line": 149
      },
      "6": {
        "loc": {
          "start": { "line": 156, "column": 6 },
          "end": { "line": 160, "column": 7 }
        },
        "type": "if",
        "locations": [
          {
            "start": { "line": 156, "column": 6 },
            "end": { "line": 160, "column": 7 }
          },
          {
            "start": { "line": 158, "column": 13 },
            "end": { "line": 160, "column": 7 }
          }
        ],
        "line": 156
      },
      "7": {
        "loc": {
          "start": { "line": 173, "column": 60 },
          "end": { "line": 173, "column": 97 }
        },
        "type": "cond-expr",
        "locations": [
          {
            "start": { "line": 173, "column": 73 },
            "end": { "line": 173, "column": 83 }
          },
          {
            "start": { "line": 173, "column": 86 },
            "end": { "line": 173, "column": 97 }
          }
        ],
        "line": 173
      },
      "8": {
        "loc": {
          "start": { "line": 173, "column": 109 },
          "end": { "line": 173, "column": 143 }
        },
        "type": "cond-expr",
        "locations": [
          {
            "start": { "line": 173, "column": 122 },
            "end": { "line": 173, "column": 132 }
          },
          {
            "start": { "line": 173, "column": 135 },
            "end": { "line": 173, "column": 143 }
          }
        ],
        "line": 173
      },
      "9": {
        "loc": {
          "start": { "line": 213, "column": 38 },
          "end": { "line": 213, "column": 68 }
        },
        "type": "cond-expr",
        "locations": [
          {
            "start": { "line": 213, "column": 51 },
            "end": { "line": 213, "column": 59 }
          },
          {
            "start": { "line": 213, "column": 62 },
            "end": { "line": 213, "column": 68 }
          }
        ],
        "line": 213
      },
      "10": {
        "loc": {
          "start": { "line": 234, "column": 9 },
          "end": { "line": 425, "column": 9 }
        },
        "type": "binary-expr",
        "locations": [
          {
            "start": { "line": 234, "column": 9 },
            "end": { "line": 234, "column": 19 }
          },
          {
            "start": { "line": 235, "column": 10 },
            "end": { "line": 424, "column": 19 }
          }
        ],
        "line": 234
      },
      "11": {
        "loc": {
          "start": { "line": 273, "column": 16 },
          "end": { "line": 273, "column": 61 }
        },
        "type": "cond-expr",
        "locations": [
          {
            "start": { "line": 273, "column": 37 },
            "end": { "line": 273, "column": 45 }
          },
          {
            "start": { "line": 273, "column": 48 },
            "end": { "line": 273, "column": 61 }
          }
        ],
        "line": 273
      },
      "12": {
        "loc": {
          "start": { "line": 274, "column": 41 },
          "end": { "line": 276, "column": 37 }
        },
        "type": "cond-expr",
        "locations": [
          {
            "start": { "line": 275, "column": 18 },
            "end": { "line": 275, "column": 26 }
          },
          {
            "start": { "line": 276, "column": 18 },
            "end": { "line": 276, "column": 37 }
          }
        ],
        "line": 274
      },
      "13": {
        "loc": {
          "start": { "line": 301, "column": 29 },
          "end": { "line": 301, "column": 69 }
        },
        "type": "cond-expr",
        "locations": [
          {
            "start": { "line": 301, "column": 48 },
            "end": { "line": 301, "column": 63 }
          },
          {
            "start": { "line": 301, "column": 66 },
            "end": { "line": 301, "column": 69 }
          }
        ],
        "line": 301
      },
      "14": {
        "loc": {
          "start": { "line": 306, "column": 29 },
          "end": { "line": 306, "column": 65 }
        },
        "type": "cond-expr",
        "locations": [
          {
            "start": { "line": 306, "column": 46 },
            "end": { "line": 306, "column": 59 }
          },
          {
            "start": { "line": 306, "column": 62 },
            "end": { "line": 306, "column": 65 }
          }
        ],
        "line": 306
      },
      "15": {
        "loc": {
          "start": { "line": 333, "column": 32 },
          "end": { "line": 333, "column": 47 }
        },
        "type": "binary-expr",
        "locations": [
          {
            "start": { "line": 333, "column": 32 },
            "end": { "line": 333, "column": 42 }
          },
          {
            "start": { "line": 333, "column": 46 },
            "end": { "line": 333, "column": 47 }
          }
        ],
        "line": 333
      },
      "16": {
        "loc": {
          "start": { "line": 334, "column": 30 },
          "end": { "line": 334, "column": 43 }
        },
        "type": "binary-expr",
        "locations": [
          {
            "start": { "line": 334, "column": 30 },
            "end": { "line": 334, "column": 38 }
          },
          {
            "start": { "line": 334, "column": 42 },
            "end": { "line": 334, "column": 43 }
          }
        ],
        "line": 334
      },
      "17": {
        "loc": {
          "start": { "line": 349, "column": 26 },
          "end": { "line": 349, "column": 66 }
        },
        "type": "cond-expr",
        "locations": [
          {
            "start": { "line": 349, "column": 42 },
            "end": { "line": 349, "column": 50 }
          },
          {
            "start": { "line": 349, "column": 53 },
            "end": { "line": 349, "column": 66 }
          }
        ],
        "line": 349
      },
      "18": {
        "loc": {
          "start": { "line": 351, "column": 37 },
          "end": { "line": 351, "column": 72 }
        },
        "type": "cond-expr",
        "locations": [
          {
            "start": { "line": 351, "column": 53 },
            "end": { "line": 351, "column": 61 }
          },
          {
            "start": { "line": 351, "column": 64 },
            "end": { "line": 351, "column": 72 }
          }
        ],
        "line": 351
      },
      "19": {
        "loc": {
          "start": { "line": 354, "column": 26 },
          "end": { "line": 377, "column": 27 }
        },
        "type": "if",
        "locations": [
          {
            "start": { "line": 354, "column": 26 },
            "end": { "line": 377, "column": 27 }
          },
          {
            "start": { "line": 360, "column": 33 },
            "end": { "line": 377, "column": 27 }
          }
        ],
        "line": 354
      },
      "20": {
        "loc": {
          "start": { "line": 363, "column": 30 },
          "end": { "line": 363, "column": 67 }
        },
        "type": "binary-expr",
        "locations": [
          {
            "start": { "line": 363, "column": 30 },
            "end": { "line": 363, "column": 40 }
          },
          {
            "start": { "line": 363, "column": 44 },
            "end": { "line": 363, "column": 62 }
          },
          {
            "start": { "line": 363, "column": 66 },
            "end": { "line": 363, "column": 67 }
          }
        ],
        "line": 363
      },
      "21": {
        "loc": {
          "start": { "line": 364, "column": 46 },
          "end": { "line": 364, "column": 79 }
        },
        "type": "binary-expr",
        "locations": [
          {
            "start": { "line": 364, "column": 46 },
            "end": { "line": 364, "column": 54 }
          },
          {
            "start": { "line": 364, "column": 58 },
            "end": { "line": 364, "column": 74 }
          },
          {
            "start": { "line": 364, "column": 78 },
            "end": { "line": 364, "column": 79 }
          }
        ],
        "line": 364
      },
      "22": {
        "loc": {
          "start": { "line": 384, "column": 26 },
          "end": { "line": 386, "column": 61 }
        },
        "type": "cond-expr",
        "locations": [
          {
            "start": { "line": 385, "column": 30 },
            "end": { "line": 385, "column": 60 }
          },
          {
            "start": { "line": 386, "column": 30 },
            "end": { "line": 386, "column": 61 }
          }
        ],
        "line": 384
      },
      "23": {
        "loc": {
          "start": { "line": 389, "column": 25 },
          "end": { "line": 397, "column": 25 }
        },
        "type": "cond-expr",
        "locations": [
          {
            "start": { "line": 390, "column": 26 },
            "end": { "line": 392, "column": 33 }
          },
          {
            "start": { "line": 394, "column": 26 },
            "end": { "line": 396, "column": 33 }
          }
        ],
        "line": 389
      },
      "24": {
        "loc": {
          "start": { "line": 428, "column": 9 },
          "end": { "line": 495, "column": 9 }
        },
        "type": "binary-expr",
        "locations": [
          {
            "start": { "line": 428, "column": 9 },
            "end": { "line": 428, "column": 22 }
          },
          {
            "start": { "line": 429, "column": 10 },
            "end": { "line": 494, "column": 17 }
          }
        ],
        "line": 428
      }
    },
    "s": {
      "0": 1,
      "1": 0,
      "2": 0,
      "3": 0,
      "4": 0,
      "5": 0,
      "6": 0,
      "7": 0,
      "8": 0,
      "9": 0,
      "10": 0,
      "11": 0,
      "12": 0,
      "13": 0,
      "14": 0,
      "15": 0,
      "16": 0,
      "17": 0,
      "18": 0,
      "19": 0,
      "20": 0,
      "21": 0,
      "22": 0,
      "23": 0,
      "24": 0,
      "25": 0,
      "26": 0,
      "27": 0,
      "28": 0,
      "29": 0,
      "30": 0,
      "31": 0,
      "32": 0,
      "33": 0,
      "34": 0,
      "35": 0,
      "36": 0,
      "37": 0,
      "38": 0,
      "39": 0,
      "40": 0,
      "41": 0,
      "42": 0,
      "43": 0,
      "44": 0,
      "45": 0,
      "46": 0,
      "47": 0,
      "48": 0,
      "49": 0,
      "50": 0,
      "51": 0,
      "52": 0,
      "53": 0,
      "54": 0,
      "55": 0,
      "56": 0,
      "57": 0,
      "58": 0,
      "59": 0,
      "60": 0,
      "61": 0,
      "62": 0,
      "63": 0,
      "64": 0,
      "65": 0,
      "66": 1
    },
    "f": {
      "0": 0,
      "1": 0,
      "2": 0,
      "3": 0,
      "4": 0,
      "5": 0,
      "6": 0,
      "7": 0,
      "8": 0,
      "9": 0,
      "10": 0,
      "11": 0,
      "12": 0,
      "13": 0,
      "14": 0,
      "15": 0,
      "16": 0,
      "17": 0,
      "18": 0
    },
    "b": {
      "0": [0, 0],
      "1": [0, 0],
      "2": [0, 0],
      "3": [0, 0],
      "4": [0, 0],
      "5": [0, 0],
      "6": [0, 0],
      "7": [0, 0],
      "8": [0, 0],
      "9": [0, 0],
      "10": [0, 0],
      "11": [0, 0],
      "12": [0, 0],
      "13": [0, 0],
      "14": [0, 0],
      "15": [0, 0],
      "16": [0, 0],
      "17": [0, 0],
      "18": [0, 0],
      "19": [0, 0],
      "20": [0, 0, 0],
      "21": [0, 0, 0],
      "22": [0, 0],
      "23": [0, 0],
      "24": [0, 0]
    },
    "_coverageSchema": "1a1c01bbd47fc00a2c39e90264f33305004495a9",
    "hash": "0383b5d35cbfec2c14306bd02c05016c81c3bccc"
  },
  "C:\\spotta\\spotta\\apps\\mobile\\src\\features\\workout\\components\\CreateExerciseModal.tsx": {
    "path": "C:\\spotta\\spotta\\apps\\mobile\\src\\features\\workout\\components\\CreateExerciseModal.tsx",
    "statementMap": {
      "0": {
        "start": { "line": 31, "column": 23 },
        "end": { "line": 44, "column": 1 }
      },
      "1": {
        "start": { "line": 46, "column": 26 },
        "end": { "line": 55, "column": 1 }
      },
      "2": {
        "start": { "line": 57, "column": 64 },
        "end": { "line": 63, "column": 1 }
      },
      "3": {
        "start": { "line": 70, "column": 26 },
        "end": { "line": 75, "column": 4 }
      },
      "4": {
        "start": { "line": 76, "column": 34 },
        "end": { "line": 76, "column": 49 }
      },
      "5": {
        "start": { "line": 77, "column": 44 },
        "end": { "line": 77, "column": 59 }
      },
      "6": {
        "start": { "line": 78, "column": 28 },
        "end": { "line": 78, "column": 57 }
      },
      "7": {
        "start": { "line": 80, "column": 21 },
        "end": { "line": 89, "column": 3 }
      },
      "8": {
        "start": { "line": 84, "column": 4 },
        "end": { "line": 84, "column": 51 }
      },
      "9": {
        "start": { "line": 84, "column": 23 },
        "end": { "line": 84, "column": 48 }
      },
      "10": {
        "start": { "line": 86, "column": 4 },
        "end": { "line": 88, "column": 5 }
      },
      "11": {
        "start": { "line": 87, "column": 6 },
        "end": { "line": 87, "column": 30 }
      },
      "12": {
        "start": { "line": 91, "column": 22 },
        "end": { "line": 102, "column": 3 }
      },
      "13": {
        "start": { "line": 92, "column": 4 },
        "end": { "line": 97, "column": 7 }
      },
      "14": {
        "start": { "line": 98, "column": 4 },
        "end": { "line": 98, "column": 28 }
      },
      "15": {
        "start": { "line": 99, "column": 4 },
        "end": { "line": 99, "column": 19 }
      },
      "16": {
        "start": { "line": 100, "column": 4 },
        "end": { "line": 100, "column": 23 }
      },
      "17": {
        "start": { "line": 101, "column": 4 },
        "end": { "line": 101, "column": 14 }
      },
      "18": {
        "start": { "line": 104, "column": 23 },
        "end": { "line": 110, "column": 3 }
      },
      "19": {
        "start": { "line": 105, "column": 4 },
        "end": { "line": 108, "column": 5 }
      },
      "20": {
        "start": { "line": 106, "column": 6 },
        "end": { "line": 106, "column": 29 }
      },
      "21": {
        "start": { "line": 107, "column": 6 },
        "end": { "line": 107, "column": 19 }
      },
      "22": {
        "start": { "line": 109, "column": 4 },
        "end": { "line": 109, "column": 16 }
      },
      "23": {
        "start": { "line": 112, "column": 21 },
        "end": { "line": 140, "column": 3 }
      },
      "24": {
        "start": { "line": 113, "column": 4 },
        "end": { "line": 115, "column": 5 }
      },
      "25": {
        "start": { "line": 114, "column": 6 },
        "end": { "line": 114, "column": 13 }
      },
      "26": {
        "start": { "line": 117, "column": 4 },
        "end": { "line": 139, "column": 5 }
      },
      "27": {
        "start": { "line": 118, "column": 6 },
        "end": { "line": 118, "column": 24 }
      },
      "28": {
        "start": { "line": 119, "column": 6 },
        "end": { "line": 119, "column": 21 }
      },
      "29": {
        "start": { "line": 121, "column": 26 },
        "end": { "line": 129, "column": 8 }
      },
      "30": {
        "start": { "line": 132, "column": 6 },
        "end": { "line": 132, "column": 31 }
      },
      "31": {
        "start": { "line": 133, "column": 6 },
        "end": { "line": 133, "column": 20 }
      },
      "32": {
        "start": { "line": 135, "column": 6 },
        "end": { "line": 137, "column": 8 }
      },
      "33": {
        "start": { "line": 138, "column": 6 },
        "end": { "line": 138, "column": 25 }
      },
      "34": {
        "start": { "line": 142, "column": 2 },
        "end": { "line": 321, "column": 4 }
      },
      "35": {
        "start": { "line": 198, "column": 42 },
        "end": { "line": 198, "column": 66 }
      },
      "36": {
        "start": { "line": 217, "column": 20 },
        "end": { "line": 225, "column": 21 }
      },
      "37": {
        "start": { "line": 240, "column": 44 },
        "end": { "line": 240, "column": 71 }
      },
      "38": {
        "start": { "line": 254, "column": 44 },
        "end": { "line": 254, "column": 74 }
      },
      "39": {
        "start": { "line": 312, "column": 33 },
        "end": { "line": 312, "column": 47 }
      }
    },
    "fnMap": {
      "0": {
        "name": "CreateExerciseModal",
        "decl": {
          "start": { "line": 65, "column": 16 },
          "end": { "line": 65, "column": 35 }
        },
        "loc": {
          "start": { "line": 69, "column": 29 },
          "end": { "line": 322, "column": 1 }
        },
        "line": 69
      },
      "1": {
        "name": "(anonymous_1)",
        "decl": {
          "start": { "line": 80, "column": 21 },
          "end": { "line": 80, "column": 22 }
        },
        "loc": {
          "start": { "line": 83, "column": 7 },
          "end": { "line": 89, "column": 3 }
        },
        "line": 83
      },
      "2": {
        "name": "(anonymous_2)",
        "decl": {
          "start": { "line": 84, "column": 12 },
          "end": { "line": 84, "column": 13 }
        },
        "loc": {
          "start": { "line": 84, "column": 23 },
          "end": { "line": 84, "column": 48 }
        },
        "line": 84
      },
      "3": {
        "name": "(anonymous_3)",
        "decl": {
          "start": { "line": 91, "column": 22 },
          "end": { "line": 91, "column": 23 }
        },
        "loc": {
          "start": { "line": 91, "column": 28 },
          "end": { "line": 102, "column": 3 }
        },
        "line": 91
      },
      "4": {
        "name": "(anonymous_4)",
        "decl": {
          "start": { "line": 104, "column": 23 },
          "end": { "line": 104, "column": 24 }
        },
        "loc": {
          "start": { "line": 104, "column": 38 },
          "end": { "line": 110, "column": 3 }
        },
        "line": 104
      },
      "5": {
        "name": "(anonymous_5)",
        "decl": {
          "start": { "line": 112, "column": 21 },
          "end": { "line": 112, "column": 22 }
        },
        "loc": {
          "start": { "line": 112, "column": 33 },
          "end": { "line": 140, "column": 3 }
        },
        "line": 112
      },
      "6": {
        "name": "(anonymous_6)",
        "decl": {
          "start": { "line": 198, "column": 32 },
          "end": { "line": 198, "column": 33 }
        },
        "loc": {
          "start": { "line": 198, "column": 42 },
          "end": { "line": 198, "column": 66 }
        },
        "line": 198
      },
      "7": {
        "name": "(anonymous_7)",
        "decl": {
          "start": { "line": 216, "column": 33 },
          "end": { "line": 216, "column": 34 }
        },
        "loc": {
          "start": { "line": 217, "column": 20 },
          "end": { "line": 225, "column": 21 }
        },
        "line": 217
      },
      "8": {
        "name": "(anonymous_8)",
        "decl": {
          "start": { "line": 240, "column": 33 },
          "end": { "line": 240, "column": 34 }
        },
        "loc": {
          "start": { "line": 240, "column": 44 },
          "end": { "line": 240, "column": 71 }
        },
        "line": 240
      },
      "9": {
        "name": "(anonymous_9)",
        "decl": {
          "start": { "line": 254, "column": 33 },
          "end": { "line": 254, "column": 34 }
        },
        "loc": {
          "start": { "line": 254, "column": 44 },
          "end": { "line": 254, "column": 74 }
        },
        "line": 254
      },
      "10": {
        "name": "(anonymous_10)",
        "decl": {
          "start": { "line": 312, "column": 27 },
          "end": { "line": 312, "column": 28 }
        },
        "loc": {
          "start": { "line": 312, "column": 33 },
          "end": { "line": 312, "column": 47 }
        },
        "line": 312
      }
    },
    "branchMap": {
      "0": {
        "loc": {
          "start": { "line": 86, "column": 4 },
          "end": { "line": 88, "column": 5 }
        },
        "type": "if",
        "locations": [
          {
            "start": { "line": 86, "column": 4 },
            "end": { "line": 88, "column": 5 }
          },
          { "start": {}, "end": {} }
        ],
        "line": 86
      },
      "1": {
        "loc": {
          "start": { "line": 86, "column": 8 },
          "end": { "line": 86, "column": 39 }
        },
        "type": "binary-expr",
        "locations": [
          {
            "start": { "line": 86, "column": 8 },
            "end": { "line": 86, "column": 22 }
          },
          {
            "start": { "line": 86, "column": 26 },
            "end": { "line": 86, "column": 39 }
          }
        ],
        "line": 86
      },
      "2": {
        "loc": {
          "start": { "line": 105, "column": 4 },
          "end": { "line": 108, "column": 5 }
        },
        "type": "if",
        "locations": [
          {
            "start": { "line": 105, "column": 4 },
            "end": { "line": 108, "column": 5 }
          },
          { "start": {}, "end": {} }
        ],
        "line": 105
      },
      "3": {
        "loc": {
          "start": { "line": 113, "column": 4 },
          "end": { "line": 115, "column": 5 }
        },
        "type": "if",
        "locations": [
          {
            "start": { "line": 113, "column": 4 },
            "end": { "line": 115, "column": 5 }
          },
          { "start": {}, "end": {} }
        ],
        "line": 113
      },
      "4": {
        "loc": {
          "start": { "line": 124, "column": 19 },
          "end": { "line": 124, "column": 79 }
        },
        "type": "cond-expr",
        "locations": [
          {
            "start": { "line": 124, "column": 46 },
            "end": { "line": 124, "column": 60 }
          },
          {
            "start": { "line": 124, "column": 63 },
            "end": { "line": 124, "column": 79 }
          }
        ],
        "line": 124
      },
      "5": {
        "loc": {
          "start": { "line": 125, "column": 24 },
          "end": { "line": 125, "column": 66 }
        },
        "type": "cond-expr",
        "locations": [
          {
            "start": { "line": 125, "column": 48 },
            "end": { "line": 125, "column": 50 }
          },
          {
            "start": { "line": 125, "column": 53 },
            "end": { "line": 125, "column": 66 }
          }
        ],
        "line": 125
      },
      "6": {
        "loc": {
          "start": { "line": 136, "column": 8 },
          "end": { "line": 136, "column": 72 }
        },
        "type": "cond-expr",
        "locations": [
          {
            "start": { "line": 136, "column": 31 },
            "end": { "line": 136, "column": 42 }
          },
          {
            "start": { "line": 136, "column": 45 },
            "end": { "line": 136, "column": 72 }
          }
        ],
        "line": 136
      },
      "7": {
        "loc": {
          "start": { "line": 188, "column": 19 },
          "end": { "line": 193, "column": 19 }
        },
        "type": "binary-expr",
        "locations": [
          {
            "start": { "line": 188, "column": 19 },
            "end": { "line": 188, "column": 32 }
          },
          {
            "start": { "line": 189, "column": 20 },
            "end": { "line": 192, "column": 27 }
          }
        ],
        "line": 188
      },
      "8": {
        "loc": {
          "start": { "line": 200, "column": 31 },
          "end": { "line": 200, "column": 65 }
        },
        "type": "cond-expr",
        "locations": [
          {
            "start": { "line": 200, "column": 47 },
            "end": { "line": 200, "column": 54 }
          },
          {
            "start": { "line": 200, "column": 57 },
            "end": { "line": 200, "column": 65 }
          }
        ],
        "line": 200
      },
      "9": {
        "loc": {
          "start": { "line": 201, "column": 31 },
          "end": { "line": 201, "column": 52 }
        },
        "type": "cond-expr",
        "locations": [
          {
            "start": { "line": 201, "column": 47 },
            "end": { "line": 201, "column": 48 }
          },
          {
            "start": { "line": 201, "column": 51 },
            "end": { "line": 201, "column": 52 }
          }
        ],
        "line": 201
      },
      "10": {
        "loc": {
          "start": { "line": 292, "column": 15 },
          "end": { "line": 292, "column": 59 }
        },
        "type": "cond-expr",
        "locations": [
          {
            "start": { "line": 292, "column": 26 },
            "end": { "line": 292, "column": 39 }
          },
          {
            "start": { "line": 292, "column": 42 },
            "end": { "line": 292, "column": 59 }
          }
        ],
        "line": 292
      },
      "11": {
        "loc": {
          "start": { "line": 297, "column": 11 },
          "end": { "line": 317, "column": 11 }
        },
[...]
          },
          {
            "start": { "line": 646, "column": 42 },
            "end": { "line": 646, "column": 46 }
          }
        ],
        "line": 646
      },
      "48": {
        "loc": {
          "start": { "line": 701, "column": 6 },
          "end": { "line": 701, "column": 37 }
        },
        "type": "if",
        "locations": [
          {
            "start": { "line": 701, "column": 6 },
            "end": { "line": 701, "column": 37 }
          },
          { "start": {}, "end": {} }
        ],
        "line": 701
      },
      "49": {
        "loc": {
          "start": { "line": 706, "column": 13 },
          "end": { "line": 706, "column": 32 }
        },
        "type": "binary-expr",
        "locations": [
          {
            "start": { "line": 706, "column": 13 },
            "end": { "line": 706, "column": 24 }
          },
          {
            "start": { "line": 706, "column": 28 },
            "end": { "line": 706, "column": 32 }
          }
        ],
        "line": 706
      },
      "50": {
        "loc": {
          "start": { "line": 721, "column": 6 },
          "end": { "line": 728, "column": 7 }
        },
        "type": "if",
        "locations": [
          {
            "start": { "line": 721, "column": 6 },
            "end": { "line": 728, "column": 7 }
          },
          { "start": {}, "end": {} }
        ],
        "line": 721
      },
      "51": {
        "loc": {
          "start": { "line": 734, "column": 6 },
          "end": { "line": 741, "column": 7 }
        },
        "type": "if",
        "locations": [
          {
            "start": { "line": 734, "column": 6 },
            "end": { "line": 741, "column": 7 }
          },
          { "start": {}, "end": {} }
        ],
        "line": 734
      },
      "52": {
        "loc": {
          "start": { "line": 734, "column": 10 },
          "end": { "line": 734, "column": 66 }
        },
        "type": "binary-expr",
        "locations": [
          {
            "start": { "line": 734, "column": 10 },
            "end": { "line": 734, "column": 22 }
          },
          {
            "start": { "line": 734, "column": 26 },
            "end": { "line": 734, "column": 45 }
          },
          {
            "start": { "line": 734, "column": 49 },
            "end": { "line": 734, "column": 66 }
          }
        ],
        "line": 734
      },
      "53": {
        "loc": {
          "start": { "line": 748, "column": 30 },
          "end": { "line": 748, "column": 56 }
        },
        "type": "cond-expr",
        "locations": [
          {
            "start": { "line": 748, "column": 49 },
            "end": { "line": 748, "column": 52 }
          },
          {
            "start": { "line": 748, "column": 55 },
            "end": { "line": 748, "column": 56 }
          }
        ],
        "line": 748
      },
      "54": {
        "loc": {
          "start": { "line": 751, "column": 51 },
          "end": { "line": 751, "column": 73 }
        },
        "type": "binary-expr",
        "locations": [
          {
            "start": { "line": 751, "column": 51 },
            "end": { "line": 751, "column": 61 }
          },
          {
            "start": { "line": 751, "column": 65 },
            "end": { "line": 751, "column": 73 }
          }
        ],
        "line": 751
      },
      "55": {
        "loc": {
          "start": { "line": 752, "column": 6 },
          "end": { "line": 752, "column": 44 }
        },
        "type": "if",
        "locations": [
          {
            "start": { "line": 752, "column": 6 },
            "end": { "line": 752, "column": 44 }
          },
          { "start": {}, "end": {} }
        ],
        "line": 752
      },
      "56": {
        "loc": {
          "start": { "line": 761, "column": 6 },
          "end": { "line": 792, "column": 7 }
        },
        "type": "if",
        "locations": [
          {
            "start": { "line": 761, "column": 6 },
            "end": { "line": 792, "column": 7 }
          },
          {
            "start": { "line": 768, "column": 13 },
            "end": { "line": 792, "column": 7 }
          }
        ],
        "line": 761
      },
      "57": {
        "loc": {
          "start": { "line": 768, "column": 13 },
          "end": { "line": 792, "column": 7 }
        },
        "type": "if",
        "locations": [
          {
            "start": { "line": 768, "column": 13 },
            "end": { "line": 792, "column": 7 }
          },
          {
            "start": { "line": 775, "column": 13 },
            "end": { "line": 792, "column": 7 }
          }
        ],
        "line": 768
      },
      "58": {
        "loc": {
          "start": { "line": 775, "column": 13 },
          "end": { "line": 792, "column": 7 }
        },
        "type": "if",
        "locations": [
          {
            "start": { "line": 775, "column": 13 },
            "end": { "line": 792, "column": 7 }
          },
          {
            "start": { "line": 785, "column": 13 },
            "end": { "line": 792, "column": 7 }
          }
        ],
        "line": 775
      },
      "59": {
        "loc": {
          "start": { "line": 776, "column": 8 },
          "end": { "line": 777, "column": 37 }
        },
        "type": "binary-expr",
        "locations": [
          {
            "start": { "line": 776, "column": 8 },
            "end": { "line": 776, "column": 38 }
          },
          {
            "start": { "line": 777, "column": 8 },
            "end": { "line": 777, "column": 37 }
          }
        ],
        "line": 776
      }
    },
    "s": {
      "0": 2,
      "1": 8,
      "2": 8,
      "3": 2,
      "4": 0,
      "5": 0,
      "6": 0,
      "7": 0,
      "8": 0,
      "9": 0,
      "10": 0,
      "11": 0,
      "12": 0,
      "13": 0,
      "14": 0,
      "15": 0,
      "16": 0,
      "17": 0,
      "18": 0,
      "19": 0,
      "20": 0,
      "21": 0,
      "22": 0,
      "23": 0,
      "24": 0,
      "25": 0,
      "26": 0,
      "27": 0,
      "28": 0,
      "29": 0,
      "30": 0,
      "31": 0,
      "32": 0,
      "33": 0,
      "34": 0,
      "35": 0,
      "36": 0,
      "37": 0,
      "38": 0,
      "39": 0,
      "40": 0,
      "41": 0,
      "42": 0,
      "43": 0,
      "44": 0,
      "45": 0,
      "46": 0,
      "47": 0,
      "48": 0,
      "49": 0,
      "50": 0,
      "51": 0,
      "52": 0,
      "53": 0,
      "54": 0,
      "55": 0,
      "56": 0,
      "57": 0,
      "58": 0,
      "59": 0,
      "60": 0,
      "61": 0,
      "62": 0,
      "63": 0,
      "64": 0,
      "65": 0,
      "66": 0,
      "67": 0,
      "68": 0,
      "69": 0,
      "70": 0,
      "71": 0,
      "72": 0,
      "73": 0,
      "74": 0,
      "75": 0,
      "76": 0,
      "77": 0,
      "78": 0,
      "79": 0,
      "80": 0,
      "81": 0,
      "82": 0,
      "83": 0,
      "84": 0,
      "85": 0,
      "86": 0,
      "87": 0,
      "88": 0,
      "89": 0,
      "90": 0,
      "91": 0,
      "92": 0,
      "93": 0,
      "94": 0,
      "95": 0,
      "96": 0,
      "97": 0,
      "98": 0,
      "99": 0,
      "100": 0,
      "101": 0,
      "102": 0,
      "103": 0,
      "104": 0,
      "105": 0,
      "106": 0,
      "107": 0,
      "108": 0,
      "109": 0,
      "110": 0,
      "111": 0,
      "112": 0,
      "113": 0,
      "114": 0,
      "115": 0,
      "116": 0,
      "117": 0,
      "118": 0,
      "119": 0,
      "120": 0,
      "121": 0,
      "122": 0,
      "123": 0,
      "124": 0,
      "125": 0,
      "126": 0,
      "127": 0,
      "128": 0,
      "129": 0,
      "130": 0,
      "131": 0,
      "132": 0,
      "133": 0,
      "134": 0,
      "135": 0,
      "136": 0,
      "137": 0,
      "138": 0,
      "139": 0,
      "140": 0,
      "141": 0,
      "142": 0,
      "143": 0,
      "144": 0,
      "145": 0,
      "146": 0,
      "147": 0,
      "148": 0,
      "149": 0,
      "150": 0,
      "151": 0,
      "152": 0,
      "153": 0,
      "154": 0,
      "155": 0,
      "156": 0,
      "157": 0,
      "158": 0,
      "159": 0,
      "160": 0,
      "161": 0,
      "162": 0,
      "163": 0,
      "164": 0,
      "165": 0,
      "166": 0,
      "167": 0,
      "168": 0,
      "169": 0,
      "170": 0,
      "171": 0,
      "172": 0,
      "173": 0,
      "174": 0,
      "175": 0,
      "176": 0,
      "177": 0,
      "178": 0,
      "179": 0,
      "180": 0,
      "181": 0,
      "182": 0,
      "183": 0,
      "184": 0,
      "185": 0,
      "186": 0,
      "187": 0,
      "188": 0,
      "189": 0,
      "190": 0,
      "191": 0,
      "192": 0,
      "193": 0,
      "194": 0,
      "195": 0,
      "196": 0,
      "197": 0,
      "198": 0,
      "199": 0,
      "200": 0,
      "201": 0,
      "202": 0,
      "203": 0,
      "204": 0,
      "205": 0,
      "206": 0,
      "207": 0,
      "208": 0,
      "209": 0,
      "210": 0,
      "211": 0,
      "212": 0,
      "213": 0,
      "214": 0,
      "215": 0,
      "216": 0,
      "217": 0,
      "218": 0,
      "219": 0,
      "220": 0,
      "221": 0,
      "222": 0,
      "223": 0,
      "224": 0,
      "225": 0,
      "226": 0,
      "227": 0,
      "228": 0,
      "229": 0,
      "230": 0,
      "231": 0,
      "232": 0,
      "233": 0,
      "234": 0,
      "235": 0,
      "236": 0,
      "237": 0,
      "238": 0,
      "239": 0,
      "240": 0,
      "241": 0,
      "242": 0,
      "243": 0,
      "244": 0,
      "245": 0,
      "246": 0,
      "247": 0,
      "248": 0,
      "249": 0,
      "250": 0,
      "251": 0,
      "252": 0,
      "253": 0,
      "254": 0,
      "255": 0,
      "256": 0,
      "257": 0,
      "258": 0,
      "259": 3,
      "260": 3,
      "261": 3,
      "262": 3,
      "263": 1,
      "264": 2,
      "265": 4,
      "266": 2,
      "267": 0,
      "268": 0,
      "269": 5,
      "270": 5,
      "271": 5,
      "272": 5,
      "273": 1,
      "274": 4,
      "275": 6,
      "276": 4,
      "277": 0,
      "278": 4,
      "279": 4,
      "280": 4,
      "281": 4,
      "282": 12,
      "283": 4,
      "284": 0,
      "285": 4,
      "286": 4,
      "287": 6,
      "288": 4,
      "289": 10,
      "290": 4,
      "291": 1,
      "292": 3,
      "293": 2,
      "294": 1,
      "295": 1,
      "296": 0,
      "297": 0,
      "298": 0,
      "299": 2
    },
    "f": {
      "0": 8,
      "1": 8,
      "2": 2,
      "3": 0,
      "4": 0,
      "5": 0,
      "6": 0,
      "7": 0,
      "8": 0,
      "9": 0,
      "10": 0,
      "11": 0,
      "12": 0,
      "13": 0,
      "14": 0,
      "15": 0,
      "16": 0,
      "17": 0,
      "18": 0,
      "19": 0,
      "20": 0,
      "21": 0,
      "22": 0,
      "23": 0,
      "24": 0,
      "25": 0,
      "26": 0,
      "27": 0,
      "28": 0,
      "29": 0,
      "30": 0,
      "31": 0,
      "32": 0,
      "33": 0,
      "34": 0,
      "35": 0,
      "36": 0,
      "37": 0,
      "38": 0,
      "39": 0,
      "40": 0,
      "41": 0,
      "42": 0,
      "43": 0,
      "44": 0,
      "45": 0,
      "46": 0,
      "47": 0,
      "48": 0,
      "49": 0,
      "50": 0,
      "51": 0,
      "52": 0,
      "53": 0,
      "54": 0,
      "55": 0,
      "56": 0,
      "57": 0,
      "58": 0,
      "59": 0,
      "60": 0,
      "61": 0,
      "62": 0,
      "63": 0,
      "64": 0,
      "65": 0,
      "66": 0,
      "67": 0,
      "68": 0,
      "69": 0,
      "70": 0,
      "71": 0,
      "72": 0,
      "73": 0,
      "74": 0,
      "75": 0,
      "76": 0,
      "77": 0,
      "78": 3,
      "79": 4,
      "80": 5,
      "81": 6,
      "82": 12,
      "83": 6,
      "84": 10
    },
    "b": {
      "0": [0, 0],
      "1": [0, 0],
      "2": [0, 0],
      "3": [0, 0],
      "4": [0, 0],
      "5": [0, 0],
      "6": [0, 0],
      "7": [0, 0, 0, 0],
      "8": [0, 0],
      "9": [0, 0],
      "10": [0, 0],
      "11": [0, 0],
      "12": [0, 0],
      "13": [0, 0],
      "14": [0, 0],
      "15": [0, 0],
      "16": [0, 0],
      "17": [0, 0],
      "18": [0, 0],
      "19": [0, 0],
      "20": [0, 0],
      "21": [0, 0, 0],
      "22": [0, 0],
      "23": [0, 0, 0],
      "24": [0, 0],
      "25": [0, 0],
      "26": [0, 0],
      "27": [0, 0],
      "28": [0, 0],
      "29": [0, 0],
      "30": [0, 0],
      "31": [0, 0],
      "32": [0, 0],
      "33": [0, 0],
      "34": [0, 0],
      "35": [0, 0],
      "36": [0, 0],
      "37": [0, 0],
      "38": [0, 0],
      "39": [0, 0],
      "40": [0, 0, 0],
      "41": [0, 0],
      "42": [0, 0],
      "43": [0, 0],
      "44": [0, 0],
      "45": [0, 0, 0],
      "46": [0, 0],
      "47": [0, 0],
      "48": [1, 2],
      "49": [2, 1],
      "50": [1, 4],
      "51": [0, 4],
      "52": [4, 4, 4],
      "53": [0, 4],
      "54": [12, 12],
      "55": [0, 4],
      "56": [1, 3],
      "57": [2, 1],
      "58": [1, 0],
      "59": [1, 1]
    },
    "_coverageSchema": "1a1c01bbd47fc00a2c39e90264f33305004495a9",
    "hash": "3aaae5cb9904efb880ab4b5b8c180e7a70742f2c"
  },
  "C:\\spotta\\spotta\\apps\\mobile\\src\\features\\workout\\utils\\developmentState.ts": {
    "path": "C:\\spotta\\spotta\\apps\\mobile\\src\\features\\workout\\utils\\developmentState.ts",
    "statementMap": {
      "0": {
        "start": { "line": 12, "column": 4 },
        "end": { "line": 20, "column": 5 }
      },
      "1": {
        "start": { "line": 13, "column": 6 },
        "end": { "line": 13, "column": 64 }
      },
      "2": {
        "start": { "line": 14, "column": 6 },
        "end": { "line": 16, "column": 8 }
      },
      "3": {
        "start": { "line": 18, "column": 6 },
        "end": { "line": 18, "column": 75 }
      },
      "4": {
        "start": { "line": 24, "column": 4 },
        "end": { "line": 32, "column": 5 }
      },
      "5": {
        "start": { "line": 25, "column": 6 },
        "end": { "line": 25, "column": 67 }
      },
      "6": {
        "start": { "line": 27, "column": 6 },
        "end": { "line": 30, "column": 8 }
      },
      "7": {
        "start": { "line": 31, "column": 6 },
        "end": { "line": 31, "column": 19 }
      },
      "8": {
        "start": { "line": 36, "column": 4 },
        "end": { "line": 47, "column": 5 }
      },
      "9": {
        "start": { "line": 37, "column": 6 },
        "end": { "line": 37, "column": 62 }
      },
      "10": {
        "start": { "line": 38, "column": 6 },
        "end": { "line": 40, "column": 8 }
      },
      "11": {
        "start": { "line": 42, "column": 6 },
        "end": { "line": 45, "column": 8 }
      },
      "12": {
        "start": { "line": 52, "column": 4 },
        "end": { "line": 52, "column": 50 }
      },
      "13": {
        "start": { "line": 57, "column": 32 },
        "end": { "line": 57, "column": 54 }
      }
    },
    "fnMap": {
      "0": {
        "name": "(anonymous_0)",
        "decl": {
          "start": { "line": 11, "column": 2 },
          "end": { "line": 11, "column": 3 }
        },
        "loc": {
          "start": { "line": 11, "column": 53 },
          "end": { "line": 21, "column": 3 }
        },
        "line": 11
      },
      "1": {
        "name": "(anonymous_1)",
        "decl": {
          "start": { "line": 23, "column": 2 },
          "end": { "line": 23, "column": 3 }
        },
        "loc": {
          "start": { "line": 23, "column": 59 },
          "end": { "line": 33, "column": 3 }
        },
        "line": 23
      },
      "2": {
        "name": "(anonymous_2)",
        "decl": {
          "start": { "line": 35, "column": 2 },
          "end": { "line": 35, "column": 3 }
        },
        "loc": {
          "start": { "line": 35, "column": 38 },
          "end": { "line": 48, "column": 3 }
        },
        "line": 35
      },
      "3": {
        "name": "(anonymous_3)",
        "decl": {
          "start": { "line": 51, "column": 2 },
          "end": { "line": 51, "column": 3 }
        },
        "loc": {
          "start": { "line": 51, "column": 41 },
          "end": { "line": 53, "column": 3 }
        },
        "line": 51
      }
    },
    "branchMap": {},
    "s": {
      "0": 0,
      "1": 0,
      "2": 0,
      "3": 0,
      "4": 0,
      "5": 0,
      "6": 0,
      "7": 0,
      "8": 0,
      "9": 0,
      "10": 0,
      "11": 0,
      "12": 0,
      "13": 0
    },
    "f": { "0": 0, "1": 0, "2": 0, "3": 0 },
    "b": {}
  },
  "C:\\spotta\\spotta\\apps\\mobile\\src\\features\\workout\\utils\\index.ts": {
    "path": "C:\\spotta\\spotta\\apps\\mobile\\src\\features\\workout\\utils\\index.ts",
    "statementMap": {},
    "fnMap": {},
    "branchMap": {},
    "s": {},
    "f": {},
    "b": {}
  },
  "C:\\spotta\\spotta\\apps\\mobile\\src\\utils\\logger.ts": {
    "path": "C:\\spotta\\spotta\\apps\\mobile\\src\\utils\\logger.ts",
    "statementMap": {
      "0": {
        "start": { "line": 15, "column": 4 },
        "end": { "line": 17, "column": 5 }
      },
      "1": {
        "start": { "line": 16, "column": 6 },
        "end": { "line": 16, "column": 48 }
      },
      "2": {
        "start": { "line": 21, "column": 4 },
        "end": { "line": 21, "column": 47 }
      },
      "3": {
        "start": { "line": 25, "column": 4 },
        "end": { "line": 25, "column": 49 }
      },
      "4": {
        "start": { "line": 29, "column": 4 },
        "end": { "line": 31, "column": 5 }
      },
      "5": {
        "start": { "line": 30, "column": 6 },
        "end": { "line": 30, "column": 49 }
      },
      "6": {
        "start": { "line": 35, "column": 22 },
        "end": { "line": 35, "column": 37 }
      }
    },
    "fnMap": {
      "0": {
        "name": "(anonymous_0)",
        "decl": {
          "start": { "line": 14, "column": 2 },
          "end": { "line": 14, "column": 3 }
        },
        "loc": {
          "start": { "line": 14, "column": 50 },
          "end": { "line": 18, "column": 3 }
        },
        "line": 14
      },
      "1": {
        "name": "(anonymous_1)",
        "decl": {
          "start": { "line": 20, "column": 2 },
          "end": { "line": 20, "column": 3 }
        },
        "loc": {
          "start": { "line": 20, "column": 50 },
          "end": { "line": 22, "column": 3 }
        },
        "line": 20
      },
      "2": {
        "name": "(anonymous_2)",
        "decl": {
          "start": { "line": 24, "column": 2 },
          "end": { "line": 24, "column": 3 }
        },
        "loc": {
          "start": { "line": 24, "column": 51 },
          "end": { "line": 26, "column": 3 }
        },
        "line": 24
      },
      "3": {
        "name": "(anonymous_3)",
        "decl": {
          "start": { "line": 28, "column": 2 },
          "end": { "line": 28, "column": 3 }
        },
        "loc": {
          "start": { "line": 28, "column": 51 },
          "end": { "line": 32, "column": 3 }
        },
        "line": 28
      }
    },
    "branchMap": {
      "0": {
        "loc": {
          "start": { "line": 15, "column": 4 },
          "end": { "line": 17, "column": 5 }
        },
        "type": "if",
        "locations": [
          {
            "start": { "line": 15, "column": 4 },
            "end": { "line": 17, "column": 5 }
          },
          { "start": {}, "end": {} }
        ],
        "line": 15
      },
      "1": {
        "loc": {
          "start": { "line": 29, "column": 4 },
          "end": { "line": 31, "column": 5 }
        },
        "type": "if",
        "locations": [
          {
            "start": { "line": 29, "column": 4 },
            "end": { "line": 31, "column": 5 }
          },
          { "start": {}, "end": {} }
        ],
        "line": 29
      }
    },
    "s": { "0": 10, "1": 10, "2": 0, "3": 0, "4": 0, "5": 0, "6": 4 },
    "f": { "0": 10, "1": 0, "2": 0, "3": 0 },
    "b": { "0": [10, 0], "1": [0, 0] },
    "_coverageSchema": "1a1c01bbd47fc00a2c39e90264f33305004495a9",
    "hash": "3ed96931cea86a1d06e90888bc5044d70593dd35"
  }
}
