TN:
SF:src\features\workout\types.ts
FNF:0
FNH:0
LF:0
LH:0
BRF:0
BRH:0
end_of_record
TN:
SF:src\features\workout\components\ActiveSessionBanner.tsx
FN:13,(anonymous_0)
FN:14,(anonymous_1)
FN:21,(anonymous_2)
FNF:3
FNH:0
FNDA:0,(anonymous_0)
FNDA:0,(anonymous_1)
FNDA:0,(anonymous_2)
DA:12,0
DA:14,0
DA:15,0
DA:18,0
DA:21,0
DA:22,0
DA:23,0
DA:26,0
LF:8
LH:0
BRF:0
BRH:0
end_of_record
TN:
SF:src\features\workout\components\AddExerciseModal.tsx
FN:27,AddExerciseModal
FN:45,(anonymous_1)
FN:51,(anonymous_2)
FN:64,(anonymous_3)
FN:74,(anonymous_4)
FN:75,(anonymous_5)
FN:83,(anonymous_6)
FN:84,(anonymous_7)
FN:86,(anonymous_8)
FN:89,(anonymous_9)
FN:96,(anonymous_10)
FN:101,(anonymous_11)
FN:108,(anonymous_12)
FN:110,(anonymous_13)
FN:113,(anonymous_14)
FN:120,(anonymous_15)
FN:126,(anonymous_16)
FN:133,(anonymous_17)
FN:150,(anonymous_18)
FN:151,(anonymous_19)
FN:169,(anonymous_20)
FN:180,(anonymous_21)
FN:203,(anonymous_22)
FN:309,(anonymous_23)
FN:346,(anonymous_24)
FN:356,(anonymous_25)
FN:358,(anonymous_26)
FN:407,(anonymous_27)
FNF:28
FNH:0
FNDA:0,AddExerciseModal
FNDA:0,(anonymous_1)
FNDA:0,(anonymous_2)
FNDA:0,(anonymous_3)
FNDA:0,(anonymous_4)
FNDA:0,(anonymous_5)
FNDA:0,(anonymous_6)
FNDA:0,(anonymous_7)
FNDA:0,(anonymous_8)
FNDA:0,(anonymous_9)
FNDA:0,(anonymous_10)
FNDA:0,(anonymous_11)
FNDA:0,(anonymous_12)
FNDA:0,(anonymous_13)
FNDA:0,(anonymous_14)
FNDA:0,(anonymous_15)
FNDA:0,(anonymous_16)
FNDA:0,(anonymous_17)
FNDA:0,(anonymous_18)
FNDA:0,(anonymous_19)
FNDA:0,(anonymous_20)
FNDA:0,(anonymous_21)
FNDA:0,(anonymous_22)
FNDA:0,(anonymous_23)
FNDA:0,(anonymous_24)
FNDA:0,(anonymous_25)
FNDA:0,(anonymous_26)
FNDA:0,(anonymous_27)
DA:34,0
DA:35,0
DA:38,0
DA:39,0
DA:40,0
DA:41,0
DA:42,0
DA:43,0
DA:45,0
DA:46,0
DA:47,0
DA:51,0
DA:52,0
DA:53,0
DA:54,0
DA:55,0
DA:56,0
DA:58,0
DA:60,0
DA:64,0
DA:65,0
DA:66,0
DA:67,0
DA:68,0
DA:69,0
DA:70,0
DA:71,0
DA:74,0
DA:75,0
DA:76,0
DA:78,0
DA:79,0
DA:83,0
DA:84,0
DA:85,0
DA:86,0
DA:88,0
DA:89,0
DA:92,0
DA:96,0
DA:97,0
DA:100,0
DA:101,0
DA:105,0
DA:106,0
DA:107,0
DA:109,0
DA:111,0
DA:113,0
DA:118,0
DA:119,0
DA:120,0
DA:125,0
DA:126,0
DA:127,0
DA:132,0
DA:133,0
DA:134,0
DA:138,0
DA:149,0
DA:151,0
DA:152,0
DA:153,0
DA:154,0
DA:157,0
DA:158,0
DA:160,0
DA:163,0
DA:169,0
DA:170,0
DA:172,0
DA:180,0
DA:203,0
DA:215,0
DA:310,0
DA:311,0
DA:312,0
DA:346,0
DA:356,0
DA:358,0
DA:407,0
LF:81
LH:0
BRDA:31,0,0,0
BRDA:32,1,0,0
BRDA:46,2,0,0
BRDA:46,2,1,0
BRDA:58,3,0,0
BRDA:58,3,1,0
BRDA:100,4,0,0
BRDA:100,4,1,0
BRDA:105,5,0,0
BRDA:105,5,1,0
BRDA:109,6,0,0
BRDA:109,6,1,0
BRDA:109,6,2,0
BRDA:118,7,0,0
BRDA:118,7,1,0
BRDA:125,8,0,0
BRDA:125,8,1,0
BRDA:132,9,0,0
BRDA:132,9,1,0
BRDA:153,10,0,0
BRDA:153,10,1,0
BRDA:157,11,0,0
BRDA:157,11,1,0
BRDA:175,12,0,0
BRDA:175,12,1,0
BRDA:176,13,0,0
BRDA:176,13,1,0
BRDA:181,14,0,0
BRDA:181,14,1,0
BRDA:205,15,0,0
BRDA:205,15,1,0
BRDA:206,16,0,0
BRDA:206,16,1,0
BRDA:243,17,0,0
BRDA:243,17,1,0
BRDA:303,18,0,0
BRDA:303,18,1,0
BRDA:303,18,2,0
BRDA:303,18,3,0
BRDA:321,19,0,0
BRDA:321,19,1,0
BRDA:335,20,0,0
BRDA:335,20,1,0
BRDA:335,20,2,0
BRDA:335,20,3,0
BRDA:351,21,0,0
BRDA:351,21,1,0
BRDA:351,21,2,0
BRDA:368,22,0,0
BRDA:368,22,1,0
BRDA:382,23,0,0
BRDA:382,23,1,0
BRDA:383,24,0,0
BRDA:383,24,1,0
BRDA:386,25,0,0
BRDA:386,25,1,0
BRDA:392,26,0,0
BRDA:392,26,1,0
BRF:58
BRH:0
end_of_record
TN:
SF:src\features\workout\components\BrowseExercisesTile.tsx
FN:10,(anonymous_0)
FNF:1
FNH:0
FNDA:0,(anonymous_0)
DA:9,0
DA:11,0
LF:2
LH:0
BRF:0
BRH:0
end_of_record
TN:
SF:src\features\workout\components\BrowseTemplatesTile.tsx
FN:10,(anonymous_0)
FNF:1
FNH:0
FNDA:0,(anonymous_0)
DA:9,0
DA:11,0
LF:2
LH:0
BRF:0
BRH:0
end_of_record
TN:
SF:src\features\workout\components\CollapsibleExerciseCard.tsx
FN:40,(anonymous_0)
FN:64,(anonymous_1)
FN:65,(anonymous_2)
FN:98,(anonymous_3)
FN:100,(anonymous_4)
FN:102,(anonymous_5)
FN:111,(anonymous_6)
FN:123,(anonymous_7)
FN:130,(anonymous_8)
FN:139,(anonymous_9)
FN:148,(anonymous_10)
FN:155,(anonymous_11)
FN:270,(anonymous_12)
FN:335,(anonymous_13)
FN:338,(anonymous_14)
FN:353,(anonymous_15)
FN:449,(anonymous_16)
FN:464,(anonymous_17)
FN:479,(anonymous_18)
FNF:19
FNH:0
FNDA:0,(anonymous_0)
FNDA:0,(anonymous_1)
FNDA:0,(anonymous_2)
FNDA:0,(anonymous_3)
FNDA:0,(anonymous_4)
FNDA:0,(anonymous_5)
FNDA:0,(anonymous_6)
FNDA:0,(anonymous_7)
FNDA:0,(anonymous_8)
FNDA:0,(anonymous_9)
FNDA:0,(anonymous_10)
FNDA:0,(anonymous_11)
FNDA:0,(anonymous_12)
FNDA:0,(anonymous_13)
FNDA:0,(anonymous_14)
FNDA:0,(anonymous_15)
FNDA:0,(anonymous_16)
FNDA:0,(anonymous_17)
FNDA:0,(anonymous_18)
DA:39,1
DA:55,0
DA:56,0
DA:59,0
DA:64,0
DA:65,0
DA:66,0
DA:67,0
DA:69,0
DA:70,0
DA:71,0
DA:79,0
DA:80,0
DA:82,0
DA:83,0
DA:84,0
DA:88,0
DA:89,0
DA:92,0
DA:93,0
DA:97,0
DA:98,0
DA:100,0
DA:103,0
DA:110,0
DA:112,0
DA:117,0
DA:122,0
DA:124,0
DA:129,0
DA:131,0
DA:137,0
DA:139,0
DA:140,0
DA:141,0
DA:142,0
DA:143,0
DA:144,0
DA:148,0
DA:149,0
DA:150,0
DA:151,0
DA:155,0
DA:156,0
DA:157,0
DA:159,0
DA:163,0
DA:273,0
DA:274,0
DA:278,0
DA:279,0
DA:281,0
DA:336,0
DA:338,0
DA:354,0
DA:356,0
DA:363,0
DA:364,0
DA:367,0
DA:376,0
DA:450,0
DA:451,0
DA:465,0
DA:466,0
DA:480,0
DA:481,0
DA:501,1
LF:67
LH:2
BRDA:92,0,0,0
BRDA:92,0,1,0
BRDA:103,1,0,0
BRDA:103,1,1,0
BRDA:103,2,0,0
BRDA:103,2,1,0
BRDA:103,3,0,0
BRDA:103,3,1,0
BRDA:149,4,0,0
BRDA:149,4,1,0
BRDA:149,5,0,0
BRDA:149,5,1,0
BRDA:156,6,0,0
BRDA:156,6,1,0
BRDA:173,7,0,0
BRDA:173,7,1,0
BRDA:173,8,0,0
BRDA:173,8,1,0
BRDA:213,9,0,0
BRDA:213,9,1,0
BRDA:234,10,0,0
BRDA:234,10,1,0
BRDA:273,11,0,0
BRDA:273,11,1,0
BRDA:274,12,0,0
BRDA:274,12,1,0
BRDA:301,13,0,0
BRDA:301,13,1,0
BRDA:306,14,0,0
BRDA:306,14,1,0
BRDA:333,15,0,0
BRDA:333,15,1,0
BRDA:334,16,0,0
BRDA:334,16,1,0
BRDA:349,17,0,0
BRDA:349,17,1,0
BRDA:351,18,0,0
BRDA:351,18,1,0
BRDA:354,19,0,0
BRDA:354,19,1,0
BRDA:363,20,0,0
BRDA:363,20,1,0
BRDA:363,20,2,0
BRDA:364,21,0,0
BRDA:364,21,1,0
BRDA:364,21,2,0
BRDA:384,22,0,0
BRDA:384,22,1,0
BRDA:389,23,0,0
BRDA:389,23,1,0
BRDA:428,24,0,0
BRDA:428,24,1,0
BRF:52
BRH:0
end_of_record
TN:
SF:src\features\workout\components\CreateExerciseModal.tsx
FN:65,CreateExerciseModal
FN:80,(anonymous_1)
FN:84,(anonymous_2)
FN:91,(anonymous_3)
FN:104,(anonymous_4)
FN:112,(anonymous_5)
FN:198,(anonymous_6)
FN:216,(anonymous_7)
FN:240,(anonymous_8)
FN:254,(anonymous_9)
FN:312,(anonymous_10)
FNF:11
FNH:0
FNDA:0,CreateExerciseModal
FNDA:0,(anonymous_1)
FNDA:0,(anonymous_2)
FNDA:0,(anonymous_3)
FNDA:0,(anonymous_4)
FNDA:0,(anonymous_5)
FNDA:0,(anonymous_6)
FNDA:0,(anonymous_7)
FNDA:0,(anonymous_8)
FNDA:0,(anonymous_9)
FNDA:0,(anonymous_10)
DA:31,0
DA:46,0
DA:57,0
DA:70,0
DA:76,0
DA:77,0
DA:78,0
DA:80,0
DA:84,0
DA:86,0
DA:87,0
DA:91,0
DA:92,0
DA:98,0
DA:99,0
DA:100,0
DA:101,0
DA:104,0
DA:105,0
DA:106,0
DA:107,0
DA:109,0
DA:112,0
DA:113,0
DA:114,0
DA:117,0
DA:118,0
DA:119,0
DA:121,0
DA:132,0
DA:133,0
DA:135,0
DA:138,0
DA:142,0
DA:198,0
DA:217,0
DA:240,0
DA:254,0
DA:312,0
LF:39
LH:0
BRDA:86,0,0,0
BRDA:86,0,1,0
BRDA:86,1,0,0
BRDA:86,1,1,0
BRDA:105,2,0,0
BRDA:105,2,1,0
BRDA:113,3,0,0
BRDA:113,3,1,0
BRDA:124,4,0,0
BRDA:124,4,1,0
BRDA:125,5,0,0
BRDA:125,5,1,0
BRDA:136,6,0,0
BRDA:136,6,1,0
BRDA:188,7,0,0
BRDA:188,7,1,0
BRDA:200,8,0,0
BRDA:200,8,1,0
BRDA:201,9,0,0
BRDA:201,9,1,0
BRDA:292,10,0,0
BRDA:292,10,1,0
BRDA:297,11,0,0
BRDA:297,11,1,0
BRF:24
BRH:0
end_of_record
TN:
SF:src\features\workout\components\CreateTemplateModal.tsx
FN:28,CreateTemplateModal
FN:41,(anonymous_1)
FN:45,(anonymous_2)
FN:51,(anonymous_3)
FN:61,(anonymous_4)
FN:73,(anonymous_5)
FN:138,(anonymous_6)
FN:161,(anonymous_7)
FN:180,(anonymous_8)
FNF:9
FNH:0
FNDA:0,CreateTemplateModal
FNDA:0,(anonymous_1)
FNDA:0,(anonymous_2)
FNDA:0,(anonymous_3)
FNDA:0,(anonymous_4)
FNDA:0,(anonymous_5)
FNDA:0,(anonymous_6)
FNDA:0,(anonymous_7)
FNDA:0,(anonymous_8)
DA:34,0
DA:38,0
DA:39,0
DA:41,0
DA:45,0
DA:46,0
DA:47,0
DA:51,0
DA:52,0
DA:56,0
DA:57,0
DA:58,0
DA:61,0
DA:63,0
DA:64,0
DA:65,0
DA:68,0
DA:69,0
DA:72,0
DA:73,0
DA:83,0
DA:92,0
DA:93,0
DA:95,0
DA:97,0
DA:101,0
DA:138,0
DA:161,0
DA:181,0
LF:29
LH:0
BRDA:46,0,0,0
BRDA:46,0,1,0
BRDA:46,1,0,0
BRDA:46,1,1,0
BRDA:63,2,0,0
BRDA:63,2,1,0
BRDA:85,3,0,0
BRDA:85,3,1,0
BRDA:139,4,0,0
BRDA:139,4,1,0
BRDA:141,5,0,0
BRDA:141,5,1,0
BRDA:145,6,0,0
BRDA:145,6,1,0
BRDA:239,7,0,0
BRDA:239,7,1,0
BRDA:241,8,0,0
BRDA:241,8,1,0
BRF:18
BRH:0
end_of_record
TN:
SF:src\features\workout\components\CustomHeader.tsx
FN:12,CustomHeader
FNF:1
FNH:0
FNDA:0,CustomHeader
DA:18,0
DA:20,0
LF:2
LH:0
BRDA:16,0,0,0
BRDA:26,1,0,0
BRDA:26,1,1,0
BRDA:34,2,0,0
BRDA:34,2,1,0
BRDA:39,3,0,0
BRDA:39,3,1,0
BRF:7
BRH:0
end_of_record
TN:
SF:src\features\workout\components\EditTemplateModal.tsx
FN:37,EditTemplateModal
FN:53,(anonymous_1)
FN:62,(anonymous_2)
FN:66,(anonymous_3)
FN:72,(anonymous_4)
FN:80,(anonymous_5)
FN:106,(anonymous_6)
FN:110,(anonymous_7)
FN:119,(anonymous_8)
FN:128,(anonymous_9)
FN:133,(anonymous_10)
FN:138,(anonymous_11)
FN:181,(anonymous_12)
FN:204,(anonymous_13)
FN:234,(anonymous_14)
FN:270,(anonymous_15)
FN:288,(anonymous_16)
FN:307,(anonymous_17)
FN:319,(anonymous_18)
FN:326,(anonymous_19)
FN:348,(anonymous_20)
FN:392,(anonymous_21)
FN:425,(anonymous_22)
FN:436,(anonymous_23)
FN:447,(anonymous_24)
FN:449,(anonymous_25)
FNF:26
FNH:0
FNDA:0,EditTemplateModal
FNDA:0,(anonymous_1)
FNDA:0,(anonymous_2)
FNDA:0,(anonymous_3)
FNDA:0,(anonymous_4)
FNDA:0,(anonymous_5)
FNDA:0,(anonymous_6)
FNDA:0,(anonymous_7)
FNDA:0,(anonymous_8)
FNDA:0,(anonymous_9)
FNDA:0,(anonymous_10)
FNDA:0,(anonymous_11)
FNDA:0,(anonymous_12)
FNDA:0,(anonymous_13)
FNDA:0,(anonymous_14)
FNDA:0,(anonymous_15)
FNDA:0,(anonymous_16)
FNDA:0,(anonymous_17)
FNDA:0,(anonymous_18)
FNDA:0,(anonymous_19)
FNDA:0,(anonymous_20)
FNDA:0,(anonymous_21)
FNDA:0,(anonymous_22)
FNDA:0,(anonymous_23)
FNDA:0,(anonymous_24)
FNDA:0,(anonymous_25)
DA:43,0
DA:47,0
DA:48,0
DA:49,0
DA:50,0
DA:53,0
DA:54,0
DA:55,0
DA:62,0
DA:66,0
DA:67,0
DA:68,0
DA:72,0
DA:73,0
DA:74,0
DA:75,0
DA:76,0
DA:77,0
DA:80,0
DA:81,0
DA:84,0
DA:85,0
DA:86,0
DA:89,0
DA:90,0
DA:92,0
DA:97,0
DA:98,0
DA:100,0
DA:102,0
DA:106,0
DA:107,0
DA:110,0
DA:111,0
DA:121,0
DA:128,0
DA:130,0
DA:133,0
DA:134,0
DA:135,0
DA:138,0
DA:142,0
DA:144,0
DA:181,0
DA:204,0
DA:235,0
DA:319,0
DA:326,0
DA:349,0
DA:392,0
DA:425,0
DA:436,0
DA:448,0
DA:449,0
DA:451,0
DA:452,0
LF:56
LH:0
BRDA:54,0,0,0
BRDA:54,0,1,0
BRDA:57,1,0,0
BRDA:57,1,1,0
BRDA:67,2,0,0
BRDA:67,2,1,0
BRDA:67,3,0,0
BRDA:67,3,1,0
BRDA:81,4,0,0
BRDA:81,4,1,0
BRDA:84,5,0,0
BRDA:84,5,1,0
BRDA:94,6,0,0
BRDA:94,6,1,0
BRDA:107,7,0,0
BRDA:107,7,1,0
BRDA:134,8,0,0
BRDA:134,8,1,0
BRDA:142,9,0,0
BRDA:142,9,1,0
BRDA:182,10,0,0
BRDA:182,10,1,0
BRDA:184,11,0,0
BRDA:184,11,1,0
BRDA:188,12,0,0
BRDA:188,12,1,0
BRDA:258,13,0,0
BRDA:258,13,1,0
BRDA:277,14,0,0
BRDA:277,14,1,0
BRDA:296,15,0,0
BRDA:296,15,1,0
BRDA:336,16,0,0
BRDA:336,16,1,0
BRDA:338,17,0,0
BRDA:338,17,1,0
BRDA:382,18,0,0
BRDA:382,18,1,0
BRDA:389,19,0,0
BRDA:389,19,1,0
BRDA:451,20,0,0
BRDA:451,20,1,0
BRF:42
BRH:0
end_of_record
TN:
SF:src\features\workout\components\ExerciseCard.tsx
FN:16,(anonymous_0)
FN:24,(anonymous_1)
FN:26,(anonymous_2)
FN:28,(anonymous_3)
FN:37,(anonymous_4)
FN:49,(anonymous_5)
FN:56,(anonymous_6)
FN:64,(anonymous_7)
FN:100,(anonymous_8)
FN:121,(anonymous_9)
FN:124,(anonymous_10)
FN:132,(anonymous_11)
FN:150,(anonymous_12)
FNF:13
FNH:0
FNDA:0,(anonymous_0)
FNDA:0,(anonymous_1)
FNDA:0,(anonymous_2)
FNDA:0,(anonymous_3)
FNDA:0,(anonymous_4)
FNDA:0,(anonymous_5)
FNDA:0,(anonymous_6)
FNDA:0,(anonymous_7)
FNDA:0,(anonymous_8)
FNDA:0,(anonymous_9)
FNDA:0,(anonymous_10)
FNDA:0,(anonymous_11)
FNDA:0,(anonymous_12)
DA:15,1
DA:23,0
DA:24,0
DA:26,0
DA:29,0
DA:36,0
DA:38,0
DA:43,0
DA:48,0
DA:50,0
DA:55,0
DA:57,0
DA:63,0
DA:64,0
DA:78,0
DA:102,0
DA:112,0
DA:122,0
DA:124,0
DA:132,0
DA:163,1
LF:21
LH:2
BRDA:29,0,0,0
BRDA:29,0,1,0
BRDA:29,1,0,0
BRDA:29,1,1,0
BRDA:29,2,0,0
BRDA:29,2,1,0
BRDA:85,3,0,0
BRDA:85,3,1,0
BRDA:91,4,0,0
BRDA:91,4,1,0
BRDA:94,5,0,0
BRDA:94,5,1,0
BRDA:98,6,0,0
BRDA:98,6,1,0
BRDA:106,7,0,0
BRDA:106,7,1,0
BRDA:119,8,0,0
BRDA:119,8,1,0
BRDA:120,9,0,0
BRDA:120,9,1,0
BRDA:128,10,0,0
BRDA:128,10,1,0
BRDA:133,11,0,0
BRDA:133,11,1,0
BRF:24
BRH:0
end_of_record
TN:
SF:src\features\workout\components\ExerciseReorderModal.tsx
FN:14,(anonymous_0)
FN:19,(anonymous_1)
FN:23,(anonymous_2)
FN:36,(anonymous_3)
FN:41,(anonymous_4)
FN:50,(anonymous_5)
FN:79,(anonymous_6)
FN:104,(anonymous_7)
FN:115,(anonymous_8)
FNF:9
FNH:0
FNDA:0,(anonymous_0)
FNDA:0,(anonymous_1)
FNDA:0,(anonymous_2)
FNDA:0,(anonymous_3)
FNDA:0,(anonymous_4)
FNDA:0,(anonymous_5)
FNDA:0,(anonymous_6)
FNDA:0,(anonymous_7)
FNDA:0,(anonymous_8)
DA:13,0
DA:16,0
DA:19,0
DA:20,0
DA:23,0
DA:24,0
DA:25,0
DA:27,0
DA:28,0
DA:32,0
DA:36,0
DA:37,0
DA:38,0
DA:41,0
DA:42,0
DA:43,0
DA:46,0
DA:50,0
DA:80,0
DA:104,0
DA:115,0
LF:21
LH:0
BRDA:25,0,0,0
BRDA:25,0,1,0
BRDA:27,1,0,0
BRDA:27,1,1,0
BRDA:27,2,0,0
BRDA:27,2,1,0
BRDA:50,3,0,0
BRDA:50,3,1,0
BRDA:107,4,0,0
BRDA:107,4,1,0
BRDA:119,5,0,0
BRDA:119,5,1,0
BRF:12
BRH:0
end_of_record
TN:
SF:src\features\workout\components\FilterDropdown.tsx
FN:14,FilterDropdown
FN:28,(anonymous_1)
FN:33,(anonymous_2)
FN:40,(anonymous_3)
FN:108,(anonymous_4)
FN:124,(anonymous_5)
FN:127,(anonymous_6)
FNF:7
FNH:0
FNDA:0,FilterDropdown
FNDA:0,(anonymous_1)
FNDA:0,(anonymous_2)
FNDA:0,(anonymous_3)
FNDA:0,(anonymous_4)
FNDA:0,(anonymous_5)
FNDA:0,(anonymous_6)
DA:21,0
DA:24,0
DA:28,0
DA:29,0
DA:32,0
DA:34,0
DA:35,0
DA:40,0
DA:41,0
DA:44,0
DA:108,0
DA:125,0
DA:127,0
LF:13
LH:0
BRDA:24,0,0,0
BRDA:24,0,1,0
BRDA:47,1,0,0
BRDA:47,1,1,0
BRDA:72,2,0,0
BRDA:72,2,1,0
BRDA:76,3,0,0
BRDA:76,3,1,0
BRDA:89,4,0,0
BRDA:89,4,1,0
BRDA:112,5,0,0
BRDA:112,5,1,0
BRDA:117,6,0,0
BRDA:117,6,1,0
BRDA:118,7,0,0
BRDA:118,7,1,0
BRDA:131,8,0,0
BRDA:131,8,1,0
BRDA:136,9,0,0
BRDA:136,9,1,0
BRDA:137,10,0,0
BRDA:137,10,1,0
BRF:22
BRH:0
end_of_record
TN:
SF:src\features\workout\components\FilterRow.tsx
FN:23,FilterRow
FNF:1
FNH:0
FNDA:0,FilterRow
DA:37,0
LF:1
LH:0
BRDA:33,0,0,0
BRDA:34,1,0,0
BRDA:35,2,0,0
BRF:3
BRH:0
end_of_record
TN:
SF:src\features\workout\components\FinishWorkoutModal.tsx
FN:33,FinishWorkoutModal
FN:48,(anonymous_1)
FN:50,(anonymous_2)
FN:50,(anonymous_3)
FN:55,(anonymous_4)
FN:58,(anonymous_5)
FN:67,(anonymous_6)
FN:76,(anonymous_7)
FN:92,(anonymous_8)
FN:96,(anonymous_9)
FN:113,(anonymous_10)
FN:142,(anonymous_11)
FN:171,(anonymous_12)
FN:314,(anonymous_13)
FN:398,(anonymous_14)
FN:437,(anonymous_15)
FN:450,(anonymous_16)
FN:496,(anonymous_17)
FN:509,(anonymous_18)
FNF:19
FNH:9
FNDA:14,FinishWorkoutModal
FNDA:14,(anonymous_1)
FNDA:14,(anonymous_2)
FNDA:28,(anonymous_3)
FNDA:14,(anonymous_4)
FNDA:28,(anonymous_5)
FNDA:14,(anonymous_6)
FNDA:14,(anonymous_7)
FNDA:14,(anonymous_8)
FNDA:0,(anonymous_9)
FNDA:0,(anonymous_10)
FNDA:0,(anonymous_11)
FNDA:0,(anonymous_12)
FNDA:0,(anonymous_13)
FNDA:0,(anonymous_14)
FNDA:0,(anonymous_15)
FNDA:0,(anonymous_16)
FNDA:0,(anonymous_17)
FNDA:0,(anonymous_18)
DA:39,14
DA:40,14
DA:41,14
DA:42,14
DA:43,14
DA:44,14
DA:45,14
DA:48,14
DA:49,14
DA:50,28
DA:54,14
DA:56,14
DA:59,28
DA:67,14
DA:68,14
DA:73,14
DA:76,14
DA:77,14
DA:78,14
DA:79,14
DA:82,14
DA:86,14
DA:92,14
DA:96,14
DA:97,0
DA:98,0
DA:105,0
DA:106,0
DA:109,0
DA:113,14
DA:114,0
DA:117,0
DA:119,0
DA:120,0
DA:124,0
DA:127,0
DA:134,0
DA:135,0
DA:138,0
DA:142,14
DA:143,0
DA:144,0
DA:146,0
DA:155,0
DA:157,0
DA:159,0
DA:171,14
DA:172,0
DA:173,0
DA:174,0
DA:175,0
DA:176,0
DA:177,0
DA:178,0
DA:182,14
DA:188,14
DA:314,0
DA:399,0
DA:437,0
DA:450,0
DA:496,0
DA:509,0
LF:62
LH:29
BRDA:59,0,0,28
BRDA:59,0,1,0
BRDA:59,1,0,28
BRDA:59,1,1,28
BRDA:59,1,2,28
BRDA:105,2,0,0
BRDA:105,2,1,0
BRDA:119,3,0,0
BRDA:119,3,1,0
BRDA:134,4,0,0
BRDA:134,4,1,0
BRDA:148,5,0,0
BRDA:148,5,1,0
BRDA:152,6,0,0
BRDA:152,6,1,0
BRDA:292,7,0,0
BRDA:292,7,1,14
BRDA:417,8,0,0
BRDA:417,8,1,0
BRDA:417,8,2,0
BRDA:434,9,0,0
BRDA:434,9,1,0
BRDA:447,10,0,0
BRDA:447,10,1,0
BRDA:457,11,0,0
BRDA:457,11,1,0
BRDA:466,12,0,0
BRDA:466,12,1,0
BRDA:476,13,0,0
BRDA:476,13,1,0
BRDA:493,14,0,0
BRDA:493,14,1,0
BRDA:506,15,0,0
BRDA:506,15,1,0
BRDA:517,16,0,0
BRDA:517,16,1,0
BRDA:543,17,0,0
BRDA:543,17,1,0
BRF:38
BRH:5
end_of_record
TN:
SF:src\features\workout\components\ReorderTemplatesModal.tsx
FN:14,(anonymous_0)
FN:19,(anonymous_1)
FN:22,(anonymous_2)
FN:38,(anonymous_3)
FN:43,(anonymous_4)
FN:56,(anonymous_5)
FN:61,(anonymous_6)
FN:70,(anonymous_7)
FN:100,(anonymous_8)
FN:125,(anonymous_9)
FN:136,(anonymous_10)
FNF:11
FNH:0
FNDA:0,(anonymous_0)
FNDA:0,(anonymous_1)
FNDA:0,(anonymous_2)
FNDA:0,(anonymous_3)
FNDA:0,(anonymous_4)
FNDA:0,(anonymous_5)
FNDA:0,(anonymous_6)
FNDA:0,(anonymous_7)
FNDA:0,(anonymous_8)
FNDA:0,(anonymous_9)
FNDA:0,(anonymous_10)
DA:13,0
DA:16,0
DA:19,0
DA:22,0
DA:24,0
DA:25,0
DA:30,0
DA:31,0
DA:33,0
DA:38,0
DA:39,0
DA:40,0
DA:43,0
DA:44,0
DA:45,0
DA:47,0
DA:48,0
DA:52,0
DA:56,0
DA:57,0
DA:58,0
DA:61,0
DA:62,0
DA:63,0
DA:66,0
DA:70,0
DA:101,0
DA:125,0
DA:136,0
LF:29
LH:0
BRDA:24,0,0,0
BRDA:24,0,1,0
BRDA:24,1,0,0
BRDA:24,1,1,0
BRDA:30,2,0,0
BRDA:30,2,1,0
BRDA:30,3,0,0
BRDA:30,3,1,0
BRDA:31,4,0,0
BRDA:31,4,1,0
BRDA:31,5,0,0
BRDA:31,5,1,0
BRDA:45,6,0,0
BRDA:45,6,1,0
BRDA:47,7,0,0
BRDA:47,7,1,0
BRDA:47,8,0,0
BRDA:47,8,1,0
BRDA:70,9,0,0
BRDA:70,9,1,0
BRDA:128,10,0,0
BRDA:128,10,1,0
BRDA:140,11,0,0
BRDA:140,11,1,0
BRF:24
BRH:0
end_of_record
TN:
SF:src\features\workout\components\RestBar.tsx
FN:17,(anonymous_0)
FN:27,(anonymous_1)
FN:38,(anonymous_2)
FN:101,(anonymous_3)
FN:126,(anonymous_4)
FNF:5
FNH:0
FNDA:0,(anonymous_0)
FNDA:0,(anonymous_1)
FNDA:0,(anonymous_2)
FNDA:0,(anonymous_3)
FNDA:0,(anonymous_4)
DA:16,0
DA:25,0
DA:27,0
DA:28,0
DA:29,0
DA:30,0
DA:34,0
DA:38,0
DA:39,0
DA:40,0
DA:42,0
DA:44,0
DA:47,0
DA:48,0
DA:51,0
DA:101,0
DA:126,0
DA:154,0
LF:18
LH:0
BRDA:34,0,0,0
BRDA:34,0,1,0
BRDA:39,1,0,0
BRDA:39,1,1,0
BRDA:47,2,0,0
BRDA:47,2,1,0
BRDA:63,3,0,0
BRDA:63,3,1,0
BRDA:83,4,0,0
BRDA:83,4,1,0
BRDA:115,5,0,0
BRDA:115,5,1,0
BRF:12
BRH:0
end_of_record
TN:
SF:src\features\workout\components\RestPresetSheet.tsx
FN:34,(anonymous_0)
FN:48,(anonymous_1)
FN:53,(anonymous_2)
FN:58,(anonymous_3)
FN:63,(anonymous_4)
FN:69,(anonymous_5)
FN:109,(anonymous_6)
FN:114,(anonymous_7)
FN:151,(anonymous_8)
FN:164,(anonymous_9)
FN:176,(anonymous_10)
FNF:11
FNH:0
FNDA:0,(anonymous_0)
FNDA:0,(anonymous_1)
FNDA:0,(anonymous_2)
FNDA:0,(anonymous_3)
FNDA:0,(anonymous_4)
FNDA:0,(anonymous_5)
FNDA:0,(anonymous_6)
FNDA:0,(anonymous_7)
FNDA:0,(anonymous_8)
FNDA:0,(anonymous_9)
FNDA:0,(anonymous_10)
DA:26,0
DA:33,0
DA:44,0
DA:45,0
DA:48,0
DA:49,0
DA:50,0
DA:53,0
DA:54,0
DA:55,0
DA:58,0
DA:59,0
DA:60,0
DA:63,0
DA:64,0
DA:65,0
DA:66,0
DA:69,0
DA:70,0
DA:71,0
DA:72,0
DA:73,0
DA:74,0
DA:77,0
DA:110,0
DA:114,0
DA:152,0
DA:153,0
DA:165,0
DA:166,0
DA:177,0
DA:178,0
LF:32
LH:0
BRDA:42,0,0,0
BRDA:64,1,0,0
BRDA:64,1,1,0
BRDA:66,2,0,0
BRDA:66,2,1,0
BRDA:72,3,0,0
BRDA:72,3,1,0
BRDA:73,4,0,0
BRDA:73,4,1,0
BRDA:83,5,0,0
BRDA:83,5,1,0
BRDA:96,6,0,0
BRDA:96,6,1,0
BRDA:113,7,0,0
BRDA:113,7,1,0
BRDA:147,8,0,0
BRDA:147,8,1,0
BRDA:160,9,0,0
BRDA:160,9,1,0
BRDA:172,10,0,0
BRDA:172,10,1,0
BRF:21
BRH:0
end_of_record
TN:
SF:src\features\workout\components\RestTimerModal.tsx
FN:44,(anonymous_0)
FN:53,(anonymous_1)
FN:69,(anonymous_2)
FN:75,(anonymous_3)
FN:84,(anonymous_4)
FN:94,(anonymous_5)
FN:120,(anonymous_6)
FN:139,(anonymous_7)
FNF:8
FNH:0
FNDA:0,(anonymous_0)
FNDA:0,(anonymous_1)
FNDA:0,(anonymous_2)
FNDA:0,(anonymous_3)
FNDA:0,(anonymous_4)
FNDA:0,(anonymous_5)
FNDA:0,(anonymous_6)
FNDA:0,(anonymous_7)
DA:15,0
DA:43,0
DA:51,0
DA:53,0
DA:54,0
DA:55,0
DA:56,0
DA:61,0
DA:69,0
DA:70,0
DA:71,0
DA:72,0
DA:75,0
DA:76,0
DA:77,0
DA:80,0
DA:81,0
DA:84,0
DA:87,0
DA:88,0
DA:91,0
DA:120,0
DA:139,0
DA:162,0
LF:24
LH:0
BRDA:61,0,0,0
BRDA:61,0,1,0
BRDA:70,1,0,0
BRDA:70,1,1,0
BRDA:70,2,0,0
BRDA:70,2,1,0
BRDA:87,3,0,0
BRDA:87,3,1,0
BRDA:87,4,0,0
BRDA:87,4,1,0
BRDA:93,5,0,0
BRDA:93,5,1,0
BRF:12
BRH:0
end_of_record
TN:
SF:src\features\workout\components\RoutineCarousel.tsx
FN:36,(anonymous_0)
FN:37,(anonymous_1)
FN:49,(anonymous_2)
FN:90,(anonymous_3)
FN:106,(anonymous_4)
FN:133,(anonymous_5)
FN:145,(anonymous_6)
FN:149,(anonymous_7)
FN:172,(anonymous_8)
FN:206,(anonymous_9)
FN:228,(anonymous_10)
FN:261,(anonymous_11)
FN:272,(anonymous_12)
FN:283,(anonymous_13)
FN:294,(anonymous_14)
FNF:15
FNH:0
FNDA:0,(anonymous_0)
FNDA:0,(anonymous_1)
FNDA:0,(anonymous_2)
FNDA:0,(anonymous_3)
FNDA:0,(anonymous_4)
FNDA:0,(anonymous_5)
FNDA:0,(anonymous_6)
FNDA:0,(anonymous_7)
FNDA:0,(anonymous_8)
FNDA:0,(anonymous_9)
FNDA:0,(anonymous_10)
FNDA:0,(anonymous_11)
FNDA:0,(anonymous_12)
FNDA:0,(anonymous_13)
FNDA:0,(anonymous_14)
DA:35,0
DA:37,0
DA:38,0
DA:39,0
DA:42,0
DA:49,0
DA:91,0
DA:92,0
DA:106,0
DA:107,0
DA:132,0
DA:143,0
DA:145,0
DA:146,0
DA:149,0
DA:152,0
DA:154,0
DA:156,0
DA:158,0
DA:159,0
DA:161,0
DA:162,0
DA:164,0
DA:165,0
DA:167,0
DA:168,0
DA:172,0
DA:173,0
DA:174,0
DA:199,0
DA:207,0
DA:222,0
DA:228,0
DA:261,0
DA:272,0
DA:283,0
DA:294,0
LF:37
LH:0
BRDA:75,0,0,0
BRDA:75,0,1,0
BRDA:146,1,0,0
BRDA:146,1,1,0
BRDA:152,2,0,0
BRDA:152,2,1,0
BRDA:156,3,0,0
BRDA:156,3,1,0
BRDA:156,3,2,0
BRDA:156,3,3,0
BRDA:173,4,0,0
BRDA:173,4,1,0
BRDA:225,5,0,0
BRDA:225,5,1,0
BRF:14
BRH:0
end_of_record
TN:
SF:src\features\workout\components\StartEmptyButton.tsx
FN:11,(anonymous_0)
FNF:1
FNH:0
FNDA:0,(anonymous_0)
DA:10,0
DA:12,0
LF:2
LH:0
BRDA:21,0,0,0
BRDA:21,0,1,0
BRF:2
BRH:0
end_of_record
TN:
SF:src\features\workout\components\WeightRepsStepper.tsx
FN:23,(anonymous_0)
FN:44,(anonymous_1)
FN:50,(anonymous_2)
FN:58,(anonymous_3)
FN:62,(anonymous_4)
FN:72,(anonymous_5)
FN:85,(anonymous_6)
FN:99,(anonymous_7)
FN:112,(anonymous_8)
FN:126,(anonymous_9)
FN:142,(anonymous_10)
FN:149,(anonymous_11)
FN:156,(anonymous_12)
FN:172,(anonymous_13)
FN:179,(anonymous_14)
FN:186,(anonymous_15)
FN:207,(anonymous_16)
FN:228,(anonymous_17)
FN:245,(anonymous_18)
FN:263,(anonymous_19)
FN:280,(anonymous_20)
FN:301,(anonymous_21)
FN:302,(anonymous_22)
FN:333,(anonymous_23)
FN:388,(anonymous_24)
FNF:25
FNH:0
FNDA:0,(anonymous_0)
FNDA:0,(anonymous_1)
FNDA:0,(anonymous_2)
FNDA:0,(anonymous_3)
FNDA:0,(anonymous_4)
FNDA:0,(anonymous_5)
FNDA:0,(anonymous_6)
FNDA:0,(anonymous_7)
FNDA:0,(anonymous_8)
FNDA:0,(anonymous_9)
FNDA:0,(anonymous_10)
FNDA:0,(anonymous_11)
FNDA:0,(anonymous_12)
FNDA:0,(anonymous_13)
FNDA:0,(anonymous_14)
FNDA:0,(anonymous_15)
FNDA:0,(anonymous_16)
FNDA:0,(anonymous_17)
FNDA:0,(anonymous_18)
FNDA:0,(anonymous_19)
FNDA:0,(anonymous_20)
FNDA:0,(anonymous_21)
FNDA:0,(anonymous_22)
FNDA:0,(anonymous_23)
FNDA:0,(anonymous_24)
DA:22,3
DA:40,0
DA:41,0
DA:44,0
DA:45,0
DA:46,0
DA:47,0
DA:48,0
DA:50,0
DA:51,0
DA:52,0
DA:53,0
DA:58,0
DA:59,0
DA:62,0
DA:63,0
DA:67,0
DA:68,0
DA:69,0
DA:72,0
DA:73,0
DA:74,0
DA:75,0
DA:76,0
DA:77,0
DA:79,0
DA:81,0
DA:85,0
DA:86,0
DA:87,0
DA:88,0
DA:89,0
DA:90,0
DA:92,0
DA:94,0
DA:99,0
DA:100,0
DA:107,0
DA:108,0
DA:112,0
DA:113,0
DA:120,0
DA:121,0
DA:126,0
DA:127,0
DA:128,0
DA:132,0
DA:133,0
DA:134,0
DA:136,0
DA:140,0
DA:142,0
DA:143,0
DA:144,0
DA:145,0
DA:149,0
DA:150,0
DA:151,0
DA:156,0
DA:157,0
DA:158,0
DA:162,0
DA:163,0
DA:164,0
DA:166,0
DA:170,0
DA:172,0
DA:173,0
DA:174,0
DA:175,0
DA:179,0
DA:180,0
DA:181,0
DA:186,0
DA:188,0
DA:190,0
DA:194,0
DA:196,0
DA:197,0
DA:198,0
DA:201,0
DA:202,0
DA:203,0
DA:204,0
DA:207,0
DA:209,0
DA:211,0
DA:215,0
DA:217,0
DA:218,0
DA:219,0
DA:222,0
DA:223,0
DA:224,0
DA:225,0
DA:228,0
DA:230,0
DA:231,0
DA:232,0
DA:234,0
DA:235,0
DA:236,0
DA:239,0
DA:240,0
DA:241,0
DA:242,0
DA:245,0
DA:247,0
DA:248,0
DA:249,0
DA:251,0
DA:252,0
DA:253,0
DA:256,0
DA:257,0
DA:258,0
DA:259,0
DA:262,0
DA:265,0
DA:266,0
DA:269,0
DA:270,0
DA:271,0
DA:272,0
DA:279,0
DA:282,0
DA:283,0
DA:286,0
DA:287,0
DA:288,0
DA:289,0
DA:297,0
DA:298,0
DA:301,0
DA:302,0
DA:303,0
DA:304,0
DA:306,0
DA:307,0
DA:312,0
DA:428,3
LF:141
LH:2
BRDA:28,0,0,0
BRDA:29,1,0,0
BRDA:30,2,0,0
BRDA:31,3,0,0
BRDA:32,4,0,0
BRDA:33,5,0,0
BRDA:34,6,0,0
BRDA:45,7,0,0
BRDA:45,7,1,0
BRDA:46,8,0,0
BRDA:46,8,1,0
BRDA:46,9,0,0
BRDA:46,9,1,0
BRDA:51,10,0,0
BRDA:51,10,1,0
BRDA:52,11,0,0
BRDA:52,11,1,0
BRDA:52,12,0,0
BRDA:52,12,1,0
BRDA:59,13,0,0
BRDA:59,13,1,0
BRDA:59,13,2,0
BRDA:63,14,0,0
BRDA:63,14,1,0
BRDA:63,14,2,0
BRDA:73,15,0,0
BRDA:73,15,1,0
BRDA:74,16,0,0
BRDA:74,16,1,0
BRDA:76,17,0,0
BRDA:76,17,1,0
BRDA:76,18,0,0
BRDA:76,18,1,0
BRDA:86,19,0,0
BRDA:86,19,1,0
BRDA:87,20,0,0
BRDA:87,20,1,0
BRDA:89,21,0,0
BRDA:89,21,1,0
BRDA:89,22,0,0
BRDA:89,22,1,0
BRDA:100,23,0,0
BRDA:100,23,1,0
BRDA:101,24,0,0
BRDA:101,24,1,0
BRDA:101,24,2,0
BRDA:101,24,3,0
BRDA:101,24,4,0
BRDA:113,25,0,0
BRDA:113,25,1,0
BRDA:114,26,0,0
BRDA:114,26,1,0
BRDA:114,26,2,0
BRDA:114,26,3,0
BRDA:114,26,4,0
BRDA:127,27,0,0
BRDA:127,27,1,0
BRDA:132,28,0,0
BRDA:132,28,1,0
BRDA:133,29,0,0
BRDA:133,29,1,0
BRDA:140,30,0,0
BRDA:140,30,1,0
BRDA:144,31,0,0
BRDA:144,31,1,0
BRDA:144,32,0,0
BRDA:144,32,1,0
BRDA:150,33,0,0
BRDA:150,33,1,0
BRDA:157,34,0,0
BRDA:157,34,1,0
BRDA:162,35,0,0
BRDA:162,35,1,0
BRDA:163,36,0,0
BRDA:163,36,1,0
BRDA:170,37,0,0
BRDA:170,37,1,0
BRDA:174,38,0,0
BRDA:174,38,1,0
BRDA:174,39,0,0
BRDA:174,39,1,0
BRDA:180,40,0,0
BRDA:180,40,1,0
BRDA:188,41,0,0
BRDA:188,41,1,0
BRDA:188,42,0,0
BRDA:188,42,1,0
BRDA:191,43,0,0
BRDA:191,43,1,0
BRDA:196,44,0,0
BRDA:196,44,1,0
BRDA:201,45,0,0
BRDA:201,45,1,0
BRDA:209,46,0,0
BRDA:209,46,1,0
BRDA:209,47,0,0
BRDA:209,47,1,0
BRDA:212,48,0,0
BRDA:212,48,1,0
BRDA:217,49,0,0
BRDA:217,49,1,0
BRDA:222,50,0,0
BRDA:222,50,1,0
BRDA:230,51,0,0
BRDA:230,51,1,0
BRDA:230,52,0,0
BRDA:230,52,1,0
BRDA:234,53,0,0
BRDA:234,53,1,0
BRDA:239,54,0,0
BRDA:239,54,1,0
BRDA:247,55,0,0
BRDA:247,55,1,0
BRDA:247,56,0,0
BRDA:247,56,1,0
BRDA:251,57,0,0
BRDA:251,57,1,0
BRDA:256,58,0,0
BRDA:256,58,1,0
BRDA:269,59,0,0
BRDA:269,59,1,0
BRDA:269,60,0,0
BRDA:269,60,1,0
BRDA:270,61,0,0
BRDA:270,61,1,0
BRDA:271,62,0,0
BRDA:271,62,1,0
BRDA:271,63,0,0
BRDA:271,63,1,0
BRDA:271,63,2,0
BRDA:286,64,0,0
BRDA:286,64,1,0
BRDA:286,65,0,0
BRDA:286,65,1,0
BRDA:287,66,0,0
BRDA:287,66,1,0
BRDA:288,67,0,0
BRDA:288,67,1,0
BRDA:288,68,0,0
BRDA:288,68,1,0
BRDA:288,68,2,0
BRDA:303,69,0,0
BRDA:303,69,1,0
BRDA:306,70,0,0
BRDA:306,70,1,0
BRDA:319,71,0,0
BRDA:319,71,1,0
BRDA:338,72,0,0
BRDA:338,72,1,0
BRDA:357,73,0,0
BRDA:357,73,1,0
BRDA:374,74,0,0
BRDA:374,74,1,0
BRDA:393,75,0,0
BRDA:393,75,1,0
BRDA:412,76,0,0
BRDA:412,76,1,0
BRF:157
BRH:0
end_of_record
TN:
SF:src\features\workout\components\WorkoutConflictModal.tsx
FN:15,(anonymous_0)
FN:16,(anonymous_1)
FN:21,(anonymous_2)
FN:26,(anonymous_3)
FN:30,(anonymous_4)
FN:41,(anonymous_5)
FNF:6
FNH:5
FNDA:11,(anonymous_0)
FNDA:1,(anonymous_1)
FNDA:1,(anonymous_2)
FNDA:1,(anonymous_3)
FNDA:10,(anonymous_4)
FNDA:0,(anonymous_5)
DA:14,1
DA:16,11
DA:17,1
DA:18,1
DA:21,11
DA:22,1
DA:23,1
DA:26,11
DA:27,1
DA:30,11
DA:31,10
DA:34,10
DA:37,11
DA:41,0
DA:155,1
LF:15
LH:14
BRDA:34,0,0,9
BRDA:34,0,1,1
BRDA:41,1,0,0
BRDA:41,1,1,0
BRDA:85,2,0,11
BRDA:85,2,1,10
BRF:6
BRH:4
end_of_record
TN:
SF:src\features\workout\components\WorkoutStateDebugger.tsx
FN:4,(anonymous_0)
FNF:1
FNH:0
FNDA:0,(anonymous_0)
DA:4,0
DA:5,0
DA:7,0
DA:8,0
DA:11,0
LF:5
LH:0
BRDA:7,0,0,0
BRDA:7,0,1,0
BRDA:33,1,0,0
BRDA:33,1,1,0
BRF:4
BRH:0
end_of_record
TN:
SF:src\features\workout\components\index.ts
FNF:0
FNH:0
LF:0
LH:0
BRF:0
BRH:0
end_of_record
TN:
SF:src\features\workout\hooks\index.ts
FNF:0
FNH:0
LF:0
LH:0
BRF:0
BRH:0
end_of_record
TN:
SF:src\features\workout\hooks\useRestTimer.ts
FN:10,(anonymous_0)
FN:20,(anonymous_1)
FN:46,(anonymous_2)
FN:68,(anonymous_3)
FN:83,(anonymous_4)
FN:84,(anonymous_5)
FN:91,(anonymous_6)
FN:97,(anonymous_7)
FN:104,(anonymous_8)
FNF:9
FNH:0
FNDA:0,(anonymous_0)
FNDA:0,(anonymous_1)
FNDA:0,(anonymous_2)
FNDA:0,(anonymous_3)
FNDA:0,(anonymous_4)
FNDA:0,(anonymous_5)
FNDA:0,(anonymous_6)
FNDA:0,(anonymous_7)
FNDA:0,(anonymous_8)
DA:10,0
DA:15,0
DA:18,0
DA:20,0
DA:21,0
DA:22,0
DA:23,0
DA:24,0
DA:26,0
DA:30,0
DA:31,0
DA:32,0
DA:34,0
DA:35,0
DA:36,0
DA:40,0
DA:41,0
DA:42,0
DA:46,0
DA:47,0
DA:48,0
DA:51,0
DA:53,0
DA:54,0
DA:57,0
DA:58,0
DA:59,0
DA:60,0
DA:61,0
DA:65,0
DA:68,0
DA:69,0
DA:70,0
DA:71,0
DA:83,0
DA:84,0
DA:85,0
DA:86,0
DA:91,0
DA:92,0
DA:93,0
DA:94,0
DA:97,0
DA:98,0
DA:99,0
DA:104,0
DA:105,0
DA:106,0
DA:109,0
DA:112,0
DA:115,0
LF:51
LH:0
BRDA:21,0,0,0
BRDA:21,0,1,0
BRDA:21,1,0,0
BRDA:21,1,1,0
BRDA:22,2,0,0
BRDA:22,2,1,0
BRDA:34,3,0,0
BRDA:34,3,1,0
BRDA:40,4,0,0
BRDA:40,4,1,0
BRDA:40,5,0,0
BRDA:40,5,1,0
BRDA:53,6,0,0
BRDA:53,6,1,0
BRDA:57,7,0,0
BRDA:57,7,1,0
BRDA:59,8,0,0
BRDA:59,8,1,0
BRDA:69,9,0,0
BRDA:69,9,1,0
BRDA:85,10,0,0
BRDA:85,10,1,0
BRDA:98,11,0,0
BRDA:98,11,1,0
BRDA:105,12,0,0
BRDA:105,12,1,0
BRDA:105,13,0,0
BRDA:105,13,1,0
BRDA:120,14,0,0
BRDA:120,14,1,0
BRF:30
BRH:0
end_of_record
TN:
SF:src\features\workout\hooks\useWorkoutState.ts
FN:31,(anonymous_0)
FN:49,(anonymous_1)
FN:53,(anonymous_2)
FN:55,(anonymous_3)
FN:103,(anonymous_4)
FN:111,(anonymous_5)
FN:119,(anonymous_6)
FN:121,(anonymous_7)
FN:130,(anonymous_8)
FN:138,(anonymous_9)
FN:148,(anonymous_10)
FN:150,(anonymous_11)
FN:154,(anonymous_12)
FN:162,(anonymous_13)
FN:175,(anonymous_14)
FN:177,(anonymous_15)
FN:181,(anonymous_16)
FN:189,(anonymous_17)
FN:202,(anonymous_18)
FN:220,(anonymous_19)
FN:224,(anonymous_20)
FN:228,(anonymous_21)
FN:248,(anonymous_22)
FN:260,(anonymous_23)
FN:264,(anonymous_24)
FN:265,(anonymous_25)
FN:287,(anonymous_26)
FN:299,(anonymous_27)
FN:310,(anonymous_28)
FN:314,(anonymous_29)
FN:336,(anonymous_30)
FN:346,(anonymous_31)
FN:351,(anonymous_32)
FN:362,(anonymous_33)
FN:368,(anonymous_34)
FN:389,(anonymous_35)
FN:401,(anonymous_36)
FN:406,(anonymous_37)
FN:412,(anonymous_38)
FN:429,(anonymous_39)
FN:443,(anonymous_40)
FN:444,(anonymous_41)
FN:459,(anonymous_42)
FN:460,(anonymous_43)
FN:466,(anonymous_44)
FN:467,(anonymous_45)
FN:479,(anonymous_46)
FN:480,(anonymous_47)
FN:489,(anonymous_48)
FN:490,(anonymous_49)
FN:500,(anonymous_50)
FN:506,(anonymous_51)
FN:516,(anonymous_52)
FN:525,(anonymous_53)
FN:533,(anonymous_54)
FN:553,(anonymous_55)
FN:562,(anonymous_56)
FN:575,(anonymous_57)
FN:576,(anonymous_58)
FN:581,(anonymous_59)
FN:585,(anonymous_60)
FN:590,(anonymous_61)
FN:591,(anonymous_62)
FN:602,(anonymous_63)
FN:603,(anonymous_64)
FN:617,(anonymous_65)
FN:624,(anonymous_66)
FN:628,(anonymous_67)
FN:632,(anonymous_68)
FN:635,(anonymous_69)
FN:653,(anonymous_70)
FN:667,(anonymous_71)
FN:683,(anonymous_72)
FN:689,(anonymous_73)
FN:704,(anonymous_74)
FN:711,(anonymous_75)
FN:725,(anonymous_76)
FN:735,(anonymous_77)
FN:749,(anonymous_78)
FN:755,(anonymous_79)
FN:769,(anonymous_80)
FN:777,(anonymous_81)
FN:791,(anonymous_82)
FN:801,(anonymous_83)
FN:813,(anonymous_84)
FN:827,(anonymous_85)
FN:836,(anonymous_86)
FN:837,(anonymous_87)
FN:842,(anonymous_88)
FN:871,(anonymous_89)
FN:872,(anonymous_90)
FN:879,(anonymous_91)
FN:896,(anonymous_92)
FN:897,(anonymous_93)
FN:902,(anonymous_94)
FN:922,(anonymous_95)
FN:923,(anonymous_96)
FN:928,(anonymous_97)
FN:950,(anonymous_98)
FN:958,(anonymous_99)
FN:963,(anonymous_100)
FN:972,(anonymous_101)
FN:973,(anonymous_102)
FN:989,(anonymous_103)
FN:990,(anonymous_104)
FN:1009,(anonymous_105)
FN:1010,(anonymous_106)
FN:1011,(anonymous_107)
FNF:108
FNH:0
FNDA:0,(anonymous_0)
FNDA:0,(anonymous_1)
FNDA:0,(anonymous_2)
FNDA:0,(anonymous_3)
FNDA:0,(anonymous_4)
FNDA:0,(anonymous_5)
FNDA:0,(anonymous_6)
FNDA:0,(anonymous_7)
FNDA:0,(anonymous_8)
FNDA:0,(anonymous_9)
FNDA:0,(anonymous_10)
FNDA:0,(anonymous_11)
FNDA:0,(anonymous_12)
FNDA:0,(anonymous_13)
FNDA:0,(anonymous_14)
FNDA:0,(anonymous_15)
FNDA:0,(anonymous_16)
FNDA:0,(anonymous_17)
FNDA:0,(anonymous_18)
FNDA:0,(anonymous_19)
FNDA:0,(anonymous_20)
FNDA:0,(anonymous_21)
FNDA:0,(anonymous_22)
FNDA:0,(anonymous_23)
FNDA:0,(anonymous_24)
FNDA:0,(anonymous_25)
FNDA:0,(anonymous_26)
FNDA:0,(anonymous_27)
FNDA:0,(anonymous_28)
FNDA:0,(anonymous_29)
FNDA:0,(anonymous_30)
FNDA:0,(anonymous_31)
FNDA:0,(anonymous_32)
FNDA:0,(anonymous_33)
FNDA:0,(anonymous_34)
FNDA:0,(anonymous_35)
FNDA:0,(anonymous_36)
FNDA:0,(anonymous_37)
FNDA:0,(anonymous_38)
FNDA:0,(anonymous_39)
FNDA:0,(anonymous_40)
FNDA:0,(anonymous_41)
FNDA:0,(anonymous_42)
FNDA:0,(anonymous_43)
FNDA:0,(anonymous_44)
FNDA:0,(anonymous_45)
FNDA:0,(anonymous_46)
FNDA:0,(anonymous_47)
FNDA:0,(anonymous_48)
FNDA:0,(anonymous_49)
FNDA:0,(anonymous_50)
FNDA:0,(anonymous_51)
FNDA:0,(anonymous_52)
FNDA:0,(anonymous_53)
FNDA:0,(anonymous_54)
FNDA:0,(anonymous_55)
FNDA:0,(anonymous_56)
FNDA:0,(anonymous_57)
FNDA:0,(anonymous_58)
FNDA:0,(anonymous_59)
FNDA:0,(anonymous_60)
FNDA:0,(anonymous_61)
FNDA:0,(anonymous_62)
FNDA:0,(anonymous_63)
FNDA:0,(anonymous_64)
FNDA:0,(anonymous_65)
FNDA:0,(anonymous_66)
FNDA:0,(anonymous_67)
FNDA:0,(anonymous_68)
FNDA:0,(anonymous_69)
FNDA:0,(anonymous_70)
FNDA:0,(anonymous_71)
FNDA:0,(anonymous_72)
FNDA:0,(anonymous_73)
FNDA:0,(anonymous_74)
FNDA:0,(anonymous_75)
FNDA:0,(anonymous_76)
FNDA:0,(anonymous_77)
FNDA:0,(anonymous_78)
FNDA:0,(anonymous_79)
FNDA:0,(anonymous_80)
FNDA:0,(anonymous_81)
FNDA:0,(anonymous_82)
FNDA:0,(anonymous_83)
FNDA:0,(anonymous_84)
FNDA:0,(anonymous_85)
FNDA:0,(anonymous_86)
FNDA:0,(anonymous_87)
FNDA:0,(anonymous_88)
FNDA:0,(anonymous_89)
FNDA:0,(anonymous_90)
FNDA:0,(anonymous_91)
FNDA:0,(anonymous_92)
FNDA:0,(anonymous_93)
FNDA:0,(anonymous_94)
FNDA:0,(anonymous_95)
FNDA:0,(anonymous_96)
FNDA:0,(anonymous_97)
FNDA:0,(anonymous_98)
FNDA:0,(anonymous_99)
FNDA:0,(anonymous_100)
FNDA:0,(anonymous_101)
FNDA:0,(anonymous_102)
FNDA:0,(anonymous_103)
FNDA:0,(anonymous_104)
FNDA:0,(anonymous_105)
FNDA:0,(anonymous_106)
FNDA:0,(anonymous_107)
DA:16,1
DA:25,1
DA:31,1
DA:32,0
DA:43,0
DA:46,0
DA:49,0
DA:50,0
DA:53,0
DA:54,0
DA:55,0
DA:57,0
DA:63,0
DA:64,0
DA:66,0
DA:68,0
DA:71,0
DA:72,0
DA:73,0
DA:75,0
DA:78,0
DA:79,0
DA:80,0
DA:83,0
DA:85,0
DA:88,0
DA:90,0
DA:91,0
DA:96,0
DA:97,0
DA:103,0
DA:111,0
DA:119,0
DA:120,0
DA:121,0
DA:124,0
DA:125,0
DA:130,0
DA:136,0
DA:138,0
DA:144,0
DA:148,0
DA:149,0
DA:150,0
DA:152,0
DA:154,0
DA:160,0
DA:162,0
DA:170,0
DA:174,0
DA:176,0
DA:177,0
DA:179,0
DA:181,0
DA:187,0
DA:189,0
DA:195,0
DA:201,0
DA:207,0
DA:208,0
DA:211,0
DA:212,0
DA:220,0
DA:221,0
DA:223,0
DA:225,0
DA:226,0
DA:229,0
DA:233,0
DA:237,0
DA:246,0
DA:248,0
DA:253,0
DA:259,0
DA:261,0
DA:263,0
DA:264,0
DA:265,0
DA:268,0
DA:270,0
DA:278,0
DA:281,0
DA:282,0
DA:285,0
DA:287,0
DA:292,0
DA:298,0
DA:300,0
DA:301,0
DA:304,0
DA:305,0
DA:310,0
DA:311,0
DA:313,0
DA:315,0
DA:316,0
DA:321,0
DA:325,0
DA:334,0
DA:336,0
DA:340,0
DA:346,0
DA:347,0
DA:349,0
DA:350,0
DA:351,0
DA:353,0
DA:358,0
DA:360,0
DA:362,0
DA:368,0
DA:377,0
DA:382,0
DA:383,0
DA:384,0
DA:387,0
DA:389,0
DA:395,0
DA:397,0
DA:401,0
DA:402,0
DA:404,0
DA:405,0
DA:406,0
DA:408,0
DA:410,0
DA:412,0
DA:419,0
DA:424,0
DA:425,0
DA:426,0
DA:429,0
DA:435,0
DA:437,0
DA:442,0
DA:444,0
DA:459,0
DA:460,0
DA:466,0
DA:467,0
DA:479,0
DA:480,0
DA:489,0
DA:490,0
DA:499,0
DA:501,0
DA:503,0
DA:505,0
DA:506,0
DA:507,0
DA:510,0
DA:511,0
DA:515,0
DA:516,0
DA:521,0
DA:525,0
DA:527,0
DA:529,0
DA:533,0
DA:534,0
DA:537,0
DA:547,0
DA:553,0
DA:560,0
DA:562,0
DA:569,0
DA:575,0
DA:576,0
DA:580,0
DA:581,0
DA:585,0
DA:586,0
DA:590,0
DA:591,0
DA:602,0
DA:603,0
DA:616,0
DA:618,0
DA:620,0
DA:621,0
DA:624,0
DA:625,0
DA:627,0
DA:628,0
DA:632,0
DA:633,0
DA:636,0
DA:643,0
DA:653,0
DA:660,0
DA:666,0
DA:668,0
DA:670,0
DA:671,0
DA:679,0
DA:682,0
DA:683,0
DA:689,0
DA:696,0
DA:703,0
DA:705,0
DA:706,0
DA:707,0
DA:708,0
DA:710,0
DA:711,0
DA:718,0
DA:724,0
DA:726,0
DA:727,0
DA:731,0
DA:732,0
DA:734,0
DA:735,0
DA:742,0
DA:748,0
DA:750,0
DA:751,0
DA:752,0
DA:754,0
DA:755,0
DA:762,0
DA:768,0
DA:770,0
DA:772,0
DA:773,0
DA:774,0
DA:776,0
DA:777,0
DA:784,0
DA:790,0
DA:792,0
DA:794,0
DA:795,0
DA:801,0
DA:802,0
DA:804,0
DA:813,0
DA:820,0
DA:826,0
DA:828,0
DA:831,0
DA:832,0
DA:836,0
DA:837,0
DA:838,0
DA:840,0
DA:843,0
DA:855,0
DA:857,0
DA:863,0
DA:866,0
DA:871,0
DA:872,0
DA:873,0
DA:875,0
DA:877,0
DA:880,0
DA:887,0
DA:889,0
DA:896,0
DA:897,0
DA:898,0
DA:900,0
DA:902,0
DA:912,0
DA:914,0
DA:921,0
DA:923,0
DA:924,0
DA:926,0
DA:928,0
DA:938,0
DA:940,0
DA:949,0
DA:952,0
DA:953,0
DA:955,0
DA:958,0
DA:959,0
DA:961,0
DA:964,0
DA:972,0
DA:973,0
DA:978,0
DA:980,0
DA:989,0
DA:990,0
DA:991,0
DA:993,0
DA:999,0
DA:1001,0
DA:1009,0
DA:1010,0
DA:1011,0
DA:1012,0
DA:1016,0
LF:297
LH:3
BRDA:64,0,0,0
BRDA:64,0,1,0
BRDA:71,1,0,0
BRDA:71,1,1,0
BRDA:71,2,0,0
BRDA:71,2,1,0
BRDA:73,3,0,0
BRDA:73,3,1,0
BRDA:90,4,0,0
BRDA:90,4,1,0
BRDA:113,5,0,0
BRDA:113,5,1,0
BRDA:141,6,0,0
BRDA:141,6,1,0
BRDA:165,7,0,0
BRDA:165,7,1,0
BRDA:192,8,0,0
BRDA:192,8,1,0
BRDA:207,9,0,0
BRDA:207,9,1,0
BRDA:221,10,0,0
BRDA:221,10,1,0
BRDA:225,11,0,0
BRDA:225,11,1,0
BRDA:229,12,0,0
BRDA:229,12,1,0
BRDA:251,13,0,0
BRDA:251,13,1,0
BRDA:261,14,0,0
BRDA:261,14,1,0
BRDA:268,15,0,0
BRDA:268,15,1,0
BRDA:281,16,0,0
BRDA:281,16,1,0
BRDA:290,17,0,0
BRDA:290,17,1,0
BRDA:300,18,0,0
BRDA:300,18,1,0
BRDA:311,19,0,0
BRDA:311,19,1,0
BRDA:315,20,0,0
BRDA:315,20,1,0
BRDA:338,21,0,0
BRDA:338,21,1,0
BRDA:347,22,0,0
BRDA:347,22,1,0
BRDA:347,23,0,0
BRDA:347,23,1,0
BRDA:382,24,0,0
BRDA:382,24,1,0
BRDA:392,25,0,0
BRDA:392,25,1,0
BRDA:402,26,0,0
BRDA:402,26,1,0
BRDA:402,27,0,0
BRDA:402,27,1,0
BRDA:424,28,0,0
BRDA:424,28,1,0
BRDA:432,29,0,0
BRDA:432,29,1,0
BRDA:450,30,0,0
BRDA:450,30,1,0
BRDA:451,31,0,0
BRDA:451,31,1,0
BRDA:472,32,0,0
BRDA:472,32,1,0
BRDA:501,33,0,0
BRDA:501,33,1,0
BRDA:510,34,0,0
BRDA:510,34,1,0
BRDA:529,35,0,0
BRDA:529,35,1,0
BRDA:529,36,0,0
BRDA:529,36,1,0
BRDA:542,37,0,0
BRDA:542,37,1,0
BRDA:565,38,0,0
BRDA:565,38,1,0
BRDA:581,39,0,0
BRDA:581,39,1,0
BRDA:598,40,0,0
BRDA:598,40,1,0
BRDA:618,41,0,0
BRDA:618,41,1,0
BRDA:625,42,0,0
BRDA:625,42,1,0
BRDA:636,43,0,0
BRDA:636,43,1,0
BRDA:636,44,0,0
BRDA:636,44,1,0
BRDA:636,44,2,0
BRDA:656,45,0,0
BRDA:656,45,1,0
BRDA:668,46,0,0
BRDA:668,46,1,0
BRDA:682,47,0,0
BRDA:682,47,1,0
BRDA:692,48,0,0
BRDA:692,48,1,0
BRDA:714,49,0,0
BRDA:714,49,1,0
BRDA:738,50,0,0
BRDA:738,50,1,0
BRDA:758,51,0,0
BRDA:758,51,1,0
BRDA:780,52,0,0
BRDA:780,52,1,0
BRDA:792,53,0,0
BRDA:792,53,1,0
BRDA:802,54,0,0
BRDA:802,54,1,0
BRDA:816,55,0,0
BRDA:816,55,1,0
BRDA:831,56,0,0
BRDA:831,56,1,0
BRDA:838,57,0,0
BRDA:838,57,1,0
BRDA:843,58,0,0
BRDA:843,58,1,0
BRDA:873,59,0,0
BRDA:873,59,1,0
BRDA:875,60,0,0
BRDA:875,60,1,0
BRDA:880,61,0,0
BRDA:880,61,1,0
BRDA:898,62,0,0
BRDA:898,62,1,0
BRDA:905,63,0,0
BRDA:905,63,1,0
BRDA:924,64,0,0
BRDA:924,64,1,0
BRDA:959,65,0,0
BRDA:959,65,1,0
BRDA:964,66,0,0
BRDA:964,66,1,0
BRDA:991,67,0,0
BRDA:991,67,1,0
BRF:137
BRH:0
end_of_record
TN:
SF:src\features\workout\providers\WorkoutStateProvider.tsx
FN:81,(anonymous_0)
FN:93,(anonymous_1)
FNF:2
FNH:0
FNDA:0,(anonymous_0)
FNDA:0,(anonymous_1)
DA:73,0
DA:81,0
DA:84,0
DA:86,0
DA:93,0
DA:94,0
DA:95,0
DA:96,0
DA:100,0
LF:9
LH:0
BRDA:95,0,0,0
BRDA:95,0,1,0
BRF:2
BRH:0
end_of_record
TN:
SF:src\features\workout\providers\index.ts
FNF:0
FNH:0
LF:0
LH:0
BRF:0
BRH:0
end_of_record
TN:
SF:src\features\workout\services\finishWorkoutService.ts
FN:17,(anonymous_0)
FN:23,(anonymous_1)
FN:36,(anonymous_2)
FN:48,(anonymous_3)
FN:57,(anonymous_4)
FNF:5
FNH:5
FNDA:2,(anonymous_0)
FNDA:2,(anonymous_1)
FNDA:2,(anonymous_2)
FNDA:2,(anonymous_3)
FNDA:2,(anonymous_4)
DA:18,2
DA:20,2
DA:23,2
DA:26,2
DA:31,0
DA:32,0
DA:40,2
DA:41,2
DA:48,2
DA:50,2
DA:52,0
DA:53,0
DA:61,2
DA:62,2
DA:70,2
DA:71,1
DA:72,1
DA:76,2
DA:77,1
DA:84,2
DA:86,0
DA:87,0
DA:92,1
LF:23
LH:17
BRDA:70,0,0,1
BRDA:70,0,1,1
BRDA:76,1,0,1
BRDA:76,1,1,1
BRF:4
BRH:4
end_of_record
TN:
SF:src\features\workout\services\mockData.ts
FN:508,(anonymous_0)
FN:522,(anonymous_1)
FN:530,(anonymous_2)
FN:535,(anonymous_3)
FN:541,(anonymous_4)
FN:574,(anonymous_5)
FN:579,(anonymous_6)
FN:582,(anonymous_7)
FN:588,(anonymous_8)
FN:589,(anonymous_9)
FN:592,(anonymous_10)
FN:593,(anonymous_11)
FN:597,(anonymous_12)
FNF:13
FNH:0
FNDA:0,(anonymous_0)
FNDA:0,(anonymous_1)
FNDA:0,(anonymous_2)
FNDA:0,(anonymous_3)
FNDA:0,(anonymous_4)
FNDA:0,(anonymous_5)
FNDA:0,(anonymous_6)
FNDA:0,(anonymous_7)
FNDA:0,(anonymous_8)
FNDA:0,(anonymous_9)
FNDA:0,(anonymous_10)
FNDA:0,(anonymous_11)
FNDA:0,(anonymous_12)
DA:19,3
DA:185,3
DA:265,3
DA:507,3
DA:508,3
DA:513,0
DA:522,3
DA:527,0
DA:530,0
DA:535,3
DA:537,0
DA:542,0
DA:552,3
DA:574,3
DA:575,0
DA:577,0
DA:578,0
DA:580,0
DA:583,0
DA:588,3
DA:589,0
DA:592,3
DA:593,0
DA:597,3
DA:598,0
DA:599,0
DA:600,0
DA:602,0
DA:603,0
DA:604,0
DA:608,3
LF:31
LH:13
BRDA:510,0,0,0
BRDA:519,1,0,0
BRDA:519,1,1,0
BRDA:525,2,0,0
BRDA:526,3,0,0
BRDA:536,4,0,0
BRDA:575,5,0,0
BRDA:575,5,1,0
BRDA:580,6,0,0
BRDA:580,6,1,0
BRDA:580,6,2,0
BRDA:602,7,0,0
BRDA:602,7,1,0
BRDA:603,8,0,0
BRDA:603,8,1,0
BRF:15
BRH:0
end_of_record
TN:
SF:src\features\workout\services\storageService.ts
FN:15,(anonymous_0)
FN:30,(anonymous_1)
FN:45,(anonymous_2)
FN:58,(anonymous_3)
FN:73,(anonymous_4)
FN:90,(anonymous_5)
FN:103,(anonymous_6)
FN:113,(anonymous_7)
FNF:8
FNH:0
FNDA:0,(anonymous_0)
FNDA:0,(anonymous_1)
FNDA:0,(anonymous_2)
FNDA:0,(anonymous_3)
FNDA:0,(anonymous_4)
FNDA:0,(anonymous_5)
FNDA:0,(anonymous_6)
FNDA:0,(anonymous_7)
DA:4,2
DA:16,0
DA:17,0
DA:20,0
DA:22,0
DA:26,0
DA:31,0
DA:32,0
DA:37,0
DA:41,0
DA:46,0
DA:47,0
DA:49,0
DA:53,0
DA:59,0
DA:60,0
DA:63,0
DA:65,0
DA:69,0
DA:76,0
DA:77,0
DA:82,0
DA:86,0
DA:91,0
DA:92,0
DA:94,0
DA:98,0
DA:104,0
DA:105,0
DA:106,0
DA:108,0
DA:109,0
DA:114,0
DA:115,0
DA:116,0
DA:118,0
DA:119,0
DA:125,2
LF:38
LH:2
BRDA:63,0,0,0
BRDA:63,0,1,0
BRF:2
BRH:0
end_of_record
TN:
SF:src\features\workout\services\workoutService.ts
FN:34,(anonymous_0)
FN:34,(anonymous_1)
FN:40,(anonymous_2)
FN:45,(anonymous_3)
FN:52,(anonymous_4)
FN:57,(anonymous_5)
FN:62,(anonymous_6)
FN:67,(anonymous_7)
FN:69,(anonymous_8)
FN:72,(anonymous_9)
FN:90,(anonymous_10)
FN:95,(anonymous_11)
FN:97,(anonymous_12)
FN:100,(anonymous_13)
FN:104,(anonymous_14)
FN:111,(anonymous_15)
FN:126,(anonymous_16)
FN:132,(anonymous_17)
FN:139,(anonymous_18)
FN:145,(anonymous_19)
FN:149,(anonymous_20)
FN:152,(anonymous_21)
FN:153,(anonymous_22)
FN:170,(anonymous_23)
FN:173,(anonymous_24)
FN:179,(anonymous_25)
FN:182,(anonymous_26)
FN:197,(anonymous_27)
FN:202,(anonymous_28)
FN:207,(anonymous_29)
FN:210,(anonymous_30)
FN:214,(anonymous_31)
FN:216,(anonymous_32)
FN:223,(anonymous_33)
FN:227,(anonymous_34)
FN:230,(anonymous_35)
FN:238,(anonymous_36)
FN:250,(anonymous_37)
FN:272,(anonymous_38)
FN:294,(anonymous_39)
FN:300,(anonymous_40)
FN:305,(anonymous_41)
FN:318,(anonymous_42)
FN:323,(anonymous_43)
FN:333,(anonymous_44)
FN:336,(anonymous_45)
FN:349,(anonymous_46)
FN:364,(anonymous_47)
FN:372,(anonymous_48)
FN:380,(anonymous_49)
FN:386,(anonymous_50)
FN:398,(anonymous_51)
FN:410,(anonymous_52)
FN:432,(anonymous_53)
FN:436,(anonymous_54)
FN:436,(anonymous_55)
FN:448,(anonymous_56)
FN:458,(anonymous_57)
FN:464,(anonymous_58)
FN:481,(anonymous_59)
FN:485,(anonymous_60)
FN:493,(anonymous_61)
FN:510,(anonymous_62)
FN:522,(anonymous_63)
FN:531,(anonymous_64)
FN:543,(anonymous_65)
FN:553,(anonymous_66)
FN:556,(anonymous_67)
FN:567,(anonymous_68)
FN:580,(anonymous_69)
FN:586,(anonymous_70)
FN:603,(anonymous_71)
FN:606,(anonymous_72)
FN:617,(anonymous_73)
FN:629,(anonymous_74)
FN:639,(anonymous_75)
FN:656,(anonymous_76)
FN:678,(anonymous_77)
FN:693,(anonymous_78)
FN:704,(anonymous_79)
FN:713,(anonymous_80)
FN:732,(anonymous_81)
FN:751,(anonymous_82)
FN:758,(anonymous_83)
FN:759,(anonymous_84)
FNF:85
FNH:10
FNDA:8,(anonymous_0)
FNDA:8,(anonymous_1)
FNDA:2,(anonymous_2)
FNDA:0,(anonymous_3)
FNDA:0,(anonymous_4)
FNDA:0,(anonymous_5)
FNDA:0,(anonymous_6)
FNDA:0,(anonymous_7)
FNDA:0,(anonymous_8)
FNDA:0,(anonymous_9)
FNDA:0,(anonymous_10)
FNDA:0,(anonymous_11)
FNDA:0,(anonymous_12)
FNDA:0,(anonymous_13)
FNDA:0,(anonymous_14)
FNDA:0,(anonymous_15)
FNDA:0,(anonymous_16)
FNDA:0,(anonymous_17)
FNDA:0,(anonymous_18)
FNDA:0,(anonymous_19)
FNDA:0,(anonymous_20)
FNDA:0,(anonymous_21)
FNDA:0,(anonymous_22)
FNDA:0,(anonymous_23)
FNDA:0,(anonymous_24)
FNDA:0,(anonymous_25)
FNDA:0,(anonymous_26)
FNDA:0,(anonymous_27)
FNDA:0,(anonymous_28)
FNDA:0,(anonymous_29)
FNDA:0,(anonymous_30)
FNDA:0,(anonymous_31)
FNDA:0,(anonymous_32)
FNDA:0,(anonymous_33)
FNDA:0,(anonymous_34)
FNDA:0,(anonymous_35)
FNDA:0,(anonymous_36)
FNDA:0,(anonymous_37)
FNDA:0,(anonymous_38)
FNDA:0,(anonymous_39)
FNDA:0,(anonymous_40)
FNDA:0,(anonymous_41)
FNDA:0,(anonymous_42)
FNDA:0,(anonymous_43)
FNDA:0,(anonymous_44)
FNDA:0,(anonymous_45)
FNDA:0,(anonymous_46)
FNDA:0,(anonymous_47)
FNDA:0,(anonymous_48)
FNDA:0,(anonymous_49)
FNDA:0,(anonymous_50)
FNDA:0,(anonymous_51)
FNDA:0,(anonymous_52)
FNDA:0,(anonymous_53)
FNDA:0,(anonymous_54)
FNDA:0,(anonymous_55)
FNDA:0,(anonymous_56)
FNDA:0,(anonymous_57)
FNDA:0,(anonymous_58)
FNDA:0,(anonymous_59)
FNDA:0,(anonymous_60)
FNDA:0,(anonymous_61)
FNDA:0,(anonymous_62)
FNDA:0,(anonymous_63)
FNDA:0,(anonymous_64)
FNDA:0,(anonymous_65)
FNDA:0,(anonymous_66)
FNDA:0,(anonymous_67)
FNDA:0,(anonymous_68)
FNDA:0,(anonymous_69)
FNDA:0,(anonymous_70)
FNDA:0,(anonymous_71)
FNDA:0,(anonymous_72)
FNDA:0,(anonymous_73)
FNDA:0,(anonymous_74)
FNDA:0,(anonymous_75)
FNDA:0,(anonymous_76)
FNDA:0,(anonymous_77)
FNDA:3,(anonymous_78)
FNDA:4,(anonymous_79)
FNDA:5,(anonymous_80)
FNDA:6,(anonymous_81)
FNDA:12,(anonymous_82)
FNDA:6,(anonymous_83)
FNDA:10,(anonymous_84)
DA:34,8
DA:37,2
DA:46,0
DA:47,0
DA:53,0
DA:58,0
DA:59,0
DA:63,0
DA:64,0
DA:68,0
DA:69,0
DA:75,0
DA:77,0
DA:84,0
DA:86,0
DA:91,0
DA:92,0
DA:96,0
DA:97,0
DA:101,0
DA:105,0
DA:108,0
DA:114,0
DA:116,0
DA:122,0
DA:123,0
DA:130,0
DA:132,0
DA:133,0
DA:135,0
DA:136,0
DA:143,0
DA:145,0
DA:146,0
DA:149,0
DA:152,0
DA:153,0
DA:160,0
DA:167,0
DA:171,0
DA:173,0
DA:174,0
DA:176,0
DA:180,0
DA:182,0
DA:183,0
DA:185,0
DA:192,0
DA:193,0
DA:198,0
DA:199,0
DA:203,0
DA:204,0
DA:206,0
DA:208,0
DA:211,0
DA:215,0
DA:217,0
DA:226,0
DA:227,0
DA:231,0
DA:233,0
DA:234,0
DA:235,0
DA:238,0
DA:239,0
DA:241,0
DA:242,0
DA:245,0
DA:246,0
DA:247,0
DA:250,0
DA:251,0
DA:252,0
DA:259,0
DA:261,0
DA:266,0
DA:268,0
DA:276,0
DA:278,0
DA:279,0
DA:280,0
DA:283,0
DA:284,0
DA:285,0
DA:289,0
DA:291,0
DA:295,0
DA:297,0
DA:301,0
DA:302,0
DA:311,0
DA:313,0
DA:314,0
DA:315,0
DA:318,0
DA:319,0
DA:320,0
DA:323,0
DA:324,0
DA:325,0
DA:328,0
DA:329,0
DA:332,0
DA:333,0
DA:334,0
DA:337,0
DA:345,0
DA:346,0
DA:355,0
DA:357,0
DA:363,0
DA:364,0
DA:366,0
DA:373,0
DA:375,0
DA:376,0
DA:377,0
DA:380,0
DA:381,0
DA:382,0
DA:386,0
DA:388,0
DA:389,0
DA:391,0
DA:392,0
DA:394,0
DA:395,0
DA:399,0
DA:401,0
DA:402,0
DA:403,0
DA:407,0
DA:408,0
DA:409,0
DA:410,0
DA:412,0
DA:413,0
DA:414,0
DA:415,0
DA:416,0
DA:421,0
DA:426,0
DA:432,0
DA:436,0
DA:443,0
DA:445,0
DA:449,0
DA:451,0
DA:453,0
DA:455,0
DA:459,0
DA:460,0
DA:468,0
DA:470,0
DA:471,0
DA:472,0
DA:475,0
DA:476,0
DA:477,0
DA:480,0
DA:481,0
DA:485,0
DA:487,0
DA:489,0
DA:493,0
DA:494,0
DA:497,0
DA:504,0
DA:507,0
DA:515,0
DA:517,0
DA:518,0
DA:519,0
DA:522,0
DA:523,0
DA:524,0
DA:527,0
DA:528,0
DA:535,0
DA:537,0
DA:538,0
DA:539,0
DA:542,0
DA:543,0
DA:545,0
DA:546,0
DA:550,0
DA:553,0
DA:554,0
DA:557,0
DA:564,0
DA:572,0
DA:574,0
DA:575,0
DA:576,0
DA:579,0
DA:580,0
DA:582,0
DA:583,0
DA:586,0
DA:587,0
DA:588,0
DA:591,0
DA:594,0
DA:603,0
DA:604,0
DA:607,0
DA:614,0
DA:621,0
DA:623,0
DA:624,0
DA:625,0
DA:629,0
DA:634,0
DA:635,0
DA:642,0
DA:644,0
DA:645,0
DA:646,0
DA:648,0
DA:652,0
DA:660,0
DA:662,0
DA:663,0
DA:664,0
DA:665,0
DA:666,0
DA:670,0
DA:674,0
DA:679,0
DA:681,0
DA:682,0
DA:684,0
DA:688,0
DA:697,3
DA:699,3
DA:700,3
DA:701,3
DA:703,2
DA:704,4
DA:706,2
DA:708,0
DA:709,0
DA:717,5
DA:719,5
DA:720,5
DA:721,5
DA:723,1
DA:731,4
DA:732,6
DA:734,4
DA:736,0
DA:744,4
DA:747,4
DA:748,4
DA:751,12
DA:752,4
DA:755,4
DA:758,6
DA:759,10
DA:761,4
DA:763,1
DA:768,3
DA:770,2
DA:775,1
DA:780,1
DA:787,0
DA:794,0
DA:798,0
DA:803,2
LF:271
LH:32
BRDA:46,0,0,0
BRDA:46,0,1,0
BRDA:69,1,0,0
BRDA:69,1,1,0
BRDA:97,2,0,0
BRDA:97,2,1,0
BRDA:133,3,0,0
BRDA:133,3,1,0
BRDA:146,4,0,0
BRDA:146,4,1,0
BRDA:174,5,0,0
BRDA:174,5,1,0
BRDA:183,6,0,0
BRDA:183,6,1,0
BRDA:208,7,0,0
BRDA:208,7,1,0
BRDA:208,7,2,0
BRDA:208,7,3,0
BRDA:215,8,0,0
BRDA:215,8,1,0
BRDA:227,9,0,0
BRDA:227,9,1,0
BRDA:234,10,0,0
BRDA:234,10,1,0
BRDA:241,11,0,0
BRDA:241,11,1,0
BRDA:254,12,0,0
BRDA:254,12,1,0
BRDA:259,13,0,0
BRDA:259,13,1,0
BRDA:279,14,0,0
BRDA:279,14,1,0
BRDA:284,15,0,0
BRDA:284,15,1,0
BRDA:302,16,0,0
BRDA:302,16,1,0
BRDA:314,17,0,0
BRDA:314,17,1,0
BRDA:319,18,0,0
BRDA:319,18,1,0
BRDA:324,19,0,0
BRDA:324,19,1,0
BRDA:332,20,0,0
BRDA:332,20,1,0
BRDA:332,21,0,0
BRDA:332,21,1,0
BRDA:332,21,2,0
BRDA:337,22,0,0
BRDA:337,22,1,0
BRDA:337,23,0,0
BRDA:337,23,1,0
BRDA:337,23,2,0
BRDA:368,24,0,0
BRDA:368,24,1,0
BRDA:376,25,0,0
BRDA:376,25,1,0
BRDA:381,26,0,0
BRDA:381,26,1,0
BRDA:388,27,0,0
BRDA:388,27,1,0
BRDA:402,28,0,0
BRDA:402,28,1,0
BRDA:408,29,0,0
BRDA:408,29,1,0
BRDA:413,30,0,0
BRDA:413,30,1,0
BRDA:471,31,0,0
BRDA:471,31,1,0
BRDA:476,32,0,0
BRDA:476,32,1,0
BRDA:489,33,0,0
BRDA:489,33,1,0
BRDA:489,34,0,0
BRDA:489,34,1,0
BRDA:518,35,0,0
BRDA:518,35,1,0
BRDA:523,36,0,0
BRDA:523,36,1,0
BRDA:538,37,0,0
BRDA:538,37,1,0
BRDA:545,38,0,0
BRDA:545,38,1,0
BRDA:557,39,0,0
BRDA:557,39,1,0
BRDA:557,40,0,0
BRDA:557,40,1,0
BRDA:557,40,2,0
BRDA:575,41,0,0
BRDA:575,41,1,0
BRDA:582,42,0,0
BRDA:582,42,1,0
BRDA:587,43,0,0
BRDA:587,43,1,0
BRDA:607,44,0,0
BRDA:607,44,1,0
BRDA:607,45,0,0
BRDA:607,45,1,0
BRDA:607,45,2,0
BRDA:624,46,0,0
BRDA:624,46,1,0
BRDA:646,47,0,0
BRDA:646,47,1,0
BRDA:701,48,0,1
BRDA:701,48,1,2
BRDA:706,49,0,2
BRDA:706,49,1,1
BRDA:721,50,0,1
BRDA:721,50,1,4
BRDA:734,51,0,0
BRDA:734,51,1,4
BRDA:734,52,0,4
BRDA:734,52,1,4
BRDA:734,52,2,4
BRDA:748,53,0,0
BRDA:748,53,1,4
BRDA:751,54,0,12
BRDA:751,54,1,12
BRDA:752,55,0,0
BRDA:752,55,1,4
BRDA:761,56,0,1
BRDA:761,56,1,3
BRDA:768,57,0,2
BRDA:768,57,1,1
BRDA:775,58,0,1
BRDA:775,58,1,0
BRDA:776,59,0,1
BRDA:776,59,1,1
BRF:127
BRH:21
end_of_record
TN:
SF:src\features\workout\utils\developmentState.ts
FN:11,(anonymous_0)
FN:23,(anonymous_1)
FN:35,(anonymous_2)
FN:51,(anonymous_3)
FNF:4
FNH:0
FNDA:0,(anonymous_0)
FNDA:0,(anonymous_1)
FNDA:0,(anonymous_2)
FNDA:0,(anonymous_3)
DA:12,0
DA:13,0
DA:14,0
DA:18,0
DA:24,0
DA:25,0
DA:27,0
DA:31,0
DA:36,0
DA:37,0
DA:38,0
DA:42,0
DA:52,0
DA:57,0
LF:14
LH:0
BRF:0
BRH:0
end_of_record
TN:
SF:src\features\workout\utils\index.ts
FNF:0
FNH:0
LF:0
LH:0
BRF:0
BRH:0
end_of_record
TN:
SF:src\utils\logger.ts
FN:14,(anonymous_0)
FN:20,(anonymous_1)
FN:24,(anonymous_2)
FN:28,(anonymous_3)
FNF:4
FNH:1
FNDA:10,(anonymous_0)
FNDA:0,(anonymous_1)
FNDA:0,(anonymous_2)
FNDA:0,(anonymous_3)
DA:15,10
DA:16,10
DA:21,0
DA:25,0
DA:29,0
DA:30,0
DA:35,4
LF:7
LH:3
BRDA:15,0,0,10
BRDA:15,0,1,0
BRDA:29,1,0,0
BRDA:29,1,1,0
BRF:4
BRH:1
end_of_record
